07-10-2016 09:28:03 | [INFO] | Message: "Started job server" | User: null | data: {}
07-10-2016 09:28:03 | [INFO] | Message: "Checked Utilities" | User: null | data: {}
07-10-2016 09:28:03 | [INFO] | Message: "Setting Up Jobs" | User: null | data: {}
07-10-2016 09:28:03 | [INFO] | Message: "Checked Cells" | User: null | data: {}
07-10-2016 09:28:03 | [INFO] | Message: "Setting Up Jobs" | User: null | data: {}
07-10-2016 09:28:18 | [INFO] | Message: "Running Job: L3E" | User: null | data: {}
07-10-2016 09:28:18 | [INFO] | Message: "Recieved SQL Request For Cell: L3E" | User: null | data: {}
07-10-2016 09:28:18 | [INFO] | Message: "Completed Job" | User: null | data: {}
07-10-2016 09:28:18 | [INFO] | Message: "Finished Parsing Request" | User: null | data: {}
07-10-2016 09:28:18 | [INFO] | Message: "Running Job: L3G" | User: null | data: {}
07-10-2016 09:28:18 | [INFO] | Message: "Recieved SQL Request For Cell: L3G" | User: null | data: {}
07-10-2016 09:28:18 | [INFO] | Message: "Completed Job" | User: null | data: {}
07-10-2016 09:29:03 | [INFO] | Message: "Running Job: L3E" | User: null | data: {}
07-10-2016 09:29:03 | [INFO] | Message: "Recieved SQL Request For Cell: L3E" | User: null | data: {}
07-10-2016 09:29:03 | [INFO] | Message: "Finished Parsing Request" | User: null | data: {}
07-10-2016 09:29:03 | [INFO] | Message: "Completed Job" | User: null | data: {}
07-10-2016 09:29:03 | [INFO] | Message: "Running Job: L3G" | User: null | data: {}
07-10-2016 09:29:03 | [INFO] | Message: "Recieved SQL Request For Cell: L3G" | User: null | data: {}
07-10-2016 09:29:03 | [INFO] | Message: "Completed Job" | User: null | data: {}
07-10-2016 09:29:48 | [INFO] | Message: "Running Job: L3E" | User: null | data: {}
07-10-2016 09:29:48 | [INFO] | Message: "Recieved SQL Request For Cell: L3E" | User: null | data: {}
07-10-2016 09:29:48 | [INFO] | Message: "Finished Parsing Request" | User: null | data: {}
07-10-2016 09:29:48 | [INFO] | Message: "Completed Job" | User: null | data: {}
07-10-2016 09:29:48 | [INFO] | Message: "Running Job: L3G" | User: null | data: {}
07-10-2016 09:29:48 | [INFO] | Message: "Recieved SQL Request For Cell: L3G" | User: null | data: {}
07-10-2016 09:29:48 | [INFO] | Message: "Completed Job" | User: null | data: {}
07-10-2016 09:30:33 | [INFO] | Message: "Running Job: L3E" | User: null | data: {}
07-10-2016 09:30:33 | [INFO] | Message: "Recieved SQL Request For Cell: L3E" | User: null | data: {}
07-10-2016 09:30:33 | [INFO] | Message: "Finished Parsing Request" | User: null | data: {}
07-10-2016 09:30:33 | [INFO] | Message: "Completed Job" | User: null | data: {}
07-10-2016 09:30:33 | [INFO] | Message: "Running Job: L3G" | User: null | data: {}
07-10-2016 09:30:33 | [INFO] | Message: "Recieved SQL Request For Cell: L3G" | User: null | data: {}
07-10-2016 09:30:33 | [INFO] | Message: "Completed Job" | User: null | data: {}
07-10-2016 09:31:18 | [INFO] | Message: "Running Job: L3E" | User: null | data: {}
07-10-2016 09:31:18 | [INFO] | Message: "Completed Job" | User: null | data: {}
07-10-2016 09:31:18 | [INFO] | Message: "Running Job: L3G" | User: null | data: {}
07-10-2016 09:31:18 | [ERROR] | Message: "RequestError: Requests can only be made in the LoggedIn state, not the SentClientRequest state" | User: null | data: {}
07-10-2016 09:31:18 | [INFO] | Message: "Recieved SQL Request For Cell: L3E" | User: null | data: {}
07-10-2016 09:31:18 | [INFO] | Message: "Finished Parsing Request" | User: null | data: {}
07-10-2016 09:31:18 | [INFO] | Message: "Completed Job" | User: null | data: {}
07-10-2016 09:31:33 | [INFO] | Message: "Running Job: L3G" | User: null | data: {}
07-10-2016 09:31:33 | [INFO] | Message: "Recieved SQL Request For Cell: L3G" | User: null | data: {}
07-10-2016 09:31:33 | [INFO] | Message: "Completed Job" | User: null | data: {}
07-10-2016 09:32:03 | [INFO] | Message: "Running Job: L3E" | User: null | data: {}
07-10-2016 09:32:03 | [INFO] | Message: "Recieved SQL Request For Cell: L3E" | User: null | data: {}
07-10-2016 09:32:03 | [INFO] | Message: "Finished Parsing Request" | User: null | data: {}
07-10-2016 09:32:03 | [INFO] | Message: "Completed Job" | User: null | data: {}
07-10-2016 09:32:18 | [INFO] | Message: "Running Job: L3G" | User: null | data: {}
07-10-2016 09:32:18 | [INFO] | Message: "Recieved SQL Request For Cell: L3G" | User: null | data: {}
07-10-2016 09:32:18 | [INFO] | Message: "Completed Job" | User: null | data: {}
07-10-2016 09:32:48 | [INFO] | Message: "Running Job: L3E" | User: null | data: {}
07-10-2016 09:32:48 | [INFO] | Message: "Recieved SQL Request For Cell: L3E" | User: null | data: {}
07-10-2016 09:32:48 | [INFO] | Message: "Finished Parsing Request" | User: null | data: {}
07-10-2016 09:32:48 | [INFO] | Message: "Completed Job" | User: null | data: {}
07-10-2016 09:33:03 | [INFO] | Message: "Running Job: L3G" | User: null | data: {}
07-10-2016 09:33:03 | [INFO] | Message: "Recieved SQL Request For Cell: L3G" | User: null | data: {}
07-10-2016 09:33:03 | [INFO] | Message: "Completed Job" | User: null | data: {}
07-10-2016 09:33:33 | [INFO] | Message: "Running Job: L3E" | User: null | data: {}
07-10-2016 09:33:33 | [INFO] | Message: "Recieved SQL Request For Cell: L3E" | User: null | data: {}
07-10-2016 09:33:33 | [INFO] | Message: "Finished Parsing Request" | User: null | data: {}
07-10-2016 09:33:33 | [INFO] | Message: "Completed Job" | User: null | data: {}
07-10-2016 09:33:48 | [INFO] | Message: "Running Job: L3G" | User: null | data: {}
07-10-2016 09:33:48 | [INFO] | Message: "Recieved SQL Request For Cell: L3G" | User: null | data: {}
07-10-2016 09:33:48 | [INFO] | Message: "Completed Job" | User: null | data: {}
07-10-2016 09:34:18 | [INFO] | Message: "Running Job: L3E" | User: null | data: {}
07-10-2016 09:34:18 | [INFO] | Message: "Recieved SQL Request For Cell: L3E" | User: null | data: {}
07-10-2016 09:34:18 | [INFO] | Message: "Finished Parsing Request" | User: null | data: {}
07-10-2016 09:34:18 | [INFO] | Message: "Completed Job" | User: null | data: {}
07-10-2016 09:34:33 | [INFO] | Message: "Running Job: L3G" | User: null | data: {}
07-10-2016 09:34:33 | [INFO] | Message: "Recieved SQL Request For Cell: L3G" | User: null | data: {}
07-10-2016 09:34:33 | [INFO] | Message: "Completed Job" | User: null | data: {}
07-10-2016 09:35:03 | [INFO] | Message: "Running Job: L3E" | User: null | data: {}
07-10-2016 09:35:03 | [INFO] | Message: "Recieved SQL Request For Cell: L3E" | User: null | data: {}
07-10-2016 09:35:03 | [INFO] | Message: "Finished Parsing Request" | User: null | data: {}
07-10-2016 09:35:03 | [INFO] | Message: "Completed Job" | User: null | data: {}
07-10-2016 09:35:18 | [INFO] | Message: "Running Job: L3G" | User: null | data: {}
07-10-2016 09:35:18 | [INFO] | Message: "Completed Job" | User: null | data: {}
07-10-2016 09:35:18 | [INFO] | Message: "Recieved SQL Request For Cell: L3G" | User: null | data: {}
07-10-2016 09:35:48 | [INFO] | Message: "Running Job: L3E" | User: null | data: {}
07-10-2016 09:35:48 | [INFO] | Message: "Completed Job" | User: null | data: {}
07-10-2016 09:35:48 | [INFO] | Message: "Recieved SQL Request For Cell: L3E" | User: null | data: {}
07-10-2016 09:35:48 | [INFO] | Message: "Finished Parsing Request" | User: null | data: {}
07-10-2016 09:36:03 | [INFO] | Message: "Running Job: L3G" | User: null | data: {}
07-10-2016 09:36:03 | [INFO] | Message: "Recieved SQL Request For Cell: L3G" | User: null | data: {}
07-10-2016 09:36:03 | [INFO] | Message: "Completed Job" | User: null | data: {}
07-10-2016 09:36:33 | [INFO] | Message: "Running Job: L3E" | User: null | data: {}
07-10-2016 09:36:33 | [INFO] | Message: "Recieved SQL Request For Cell: L3E" | User: null | data: {}
07-10-2016 09:36:33 | [INFO] | Message: "Finished Parsing Request" | User: null | data: {}
07-10-2016 09:36:33 | [INFO] | Message: "Completed Job" | User: null | data: {}
07-10-2016 09:36:48 | [INFO] | Message: "Running Job: L3G" | User: null | data: {}
07-10-2016 09:36:48 | [INFO] | Message: "Recieved SQL Request For Cell: L3G" | User: null | data: {}
07-10-2016 09:36:48 | [INFO] | Message: "Completed Job" | User: null | data: {}
07-10-2016 09:37:18 | [INFO] | Message: "Running Job: L3E" | User: null | data: {}
07-10-2016 09:37:18 | [INFO] | Message: "Recieved SQL Request For Cell: L3E" | User: null | data: {}
07-10-2016 09:37:18 | [INFO] | Message: "Finished Parsing Request" | User: null | data: {}
07-10-2016 09:37:18 | [INFO] | Message: "Completed Job" | User: null | data: {}
07-10-2016 09:37:33 | [INFO] | Message: "Running Job: L3G" | User: null | data: {}
07-10-2016 09:37:33 | [INFO] | Message: "Completed Job" | User: null | data: {}
07-10-2016 09:37:33 | [INFO] | Message: "Recieved SQL Request For Cell: L3G" | User: null | data: {}
07-10-2016 09:38:03 | [INFO] | Message: "Running Job: L3E" | User: null | data: {}
07-10-2016 09:38:03 | [INFO] | Message: "Recieved SQL Request For Cell: L3E" | User: null | data: {}
07-10-2016 09:38:03 | [INFO] | Message: "Finished Parsing Request" | User: null | data: {}
07-10-2016 09:38:03 | [INFO] | Message: "Completed Job" | User: null | data: {}
07-10-2016 09:38:18 | [INFO] | Message: "Running Job: L3G" | User: null | data: {}
07-10-2016 09:38:18 | [INFO] | Message: "Completed Job" | User: null | data: {}
07-10-2016 09:38:18 | [INFO] | Message: "Recieved SQL Request For Cell: L3G" | User: null | data: {}
07-10-2016 09:38:48 | [INFO] | Message: "Running Job: L3E" | User: null | data: {}
07-10-2016 09:38:48 | [INFO] | Message: "Recieved SQL Request For Cell: L3E" | User: null | data: {}
07-10-2016 09:38:48 | [INFO] | Message: "Finished Parsing Request" | User: null | data: {}
07-10-2016 09:38:48 | [INFO] | Message: "Completed Job" | User: null | data: {}
07-10-2016 09:39:03 | [INFO] | Message: "Running Job: L3G" | User: null | data: {}
07-10-2016 09:39:03 | [INFO] | Message: "Recieved SQL Request For Cell: L3G" | User: null | data: {}
07-10-2016 09:39:03 | [INFO] | Message: "Completed Job" | User: null | data: {}
07-10-2016 09:39:33 | [INFO] | Message: "Running Job: L3E" | User: null | data: {}
07-10-2016 09:39:33 | [INFO] | Message: "Recieved SQL Request For Cell: L3E" | User: null | data: {}
07-10-2016 09:39:33 | [INFO] | Message: "Finished Parsing Request" | User: null | data: {}
07-10-2016 09:39:33 | [INFO] | Message: "Completed Job" | User: null | data: {}
07-10-2016 09:39:48 | [INFO] | Message: "Running Job: L3G" | User: null | data: {}
07-10-2016 09:39:48 | [INFO] | Message: "Recieved SQL Request For Cell: L3G" | User: null | data: {}
07-10-2016 09:39:48 | [INFO] | Message: "Completed Job" | User: null | data: {}
07-10-2016 09:40:18 | [INFO] | Message: "Running Job: L3E" | User: null | data: {}
07-10-2016 09:40:18 | [INFO] | Message: "Recieved SQL Request For Cell: L3E" | User: null | data: {}
07-10-2016 09:40:18 | [INFO] | Message: "Finished Parsing Request" | User: null | data: {}
07-10-2016 09:40:18 | [INFO] | Message: "Completed Job" | User: null | data: {}
07-10-2016 09:40:33 | [INFO] | Message: "Running Job: L3G" | User: null | data: {}
07-10-2016 09:40:33 | [INFO] | Message: "Completed Job" | User: null | data: {}
07-10-2016 09:40:33 | [INFO] | Message: "Recieved SQL Request For Cell: L3G" | User: null | data: {}
07-10-2016 09:41:03 | [INFO] | Message: "Running Job: L3E" | User: null | data: {}
07-10-2016 09:41:03 | [INFO] | Message: "Recieved SQL Request For Cell: L3E" | User: null | data: {}
07-10-2016 09:41:03 | [INFO] | Message: "Finished Parsing Request" | User: null | data: {}
07-10-2016 09:41:03 | [INFO] | Message: "Completed Job" | User: null | data: {}
07-10-2016 09:41:18 | [INFO] | Message: "Running Job: L3G" | User: null | data: {}
07-10-2016 09:41:18 | [INFO] | Message: "Completed Job" | User: null | data: {}
07-10-2016 09:41:18 | [INFO] | Message: "Recieved SQL Request For Cell: L3G" | User: null | data: {}
07-10-2016 09:41:48 | [INFO] | Message: "Running Job: L3E" | User: null | data: {}
07-10-2016 09:41:48 | [INFO] | Message: "Recieved SQL Request For Cell: L3E" | User: null | data: {}
07-10-2016 09:41:48 | [INFO] | Message: "Finished Parsing Request" | User: null | data: {}
07-10-2016 09:41:48 | [INFO] | Message: "Completed Job" | User: null | data: {}
07-10-2016 09:42:03 | [INFO] | Message: "Running Job: L3G" | User: null | data: {}
07-10-2016 09:42:03 | [INFO] | Message: "Recieved SQL Request For Cell: L3G" | User: null | data: {}
07-10-2016 09:42:03 | [INFO] | Message: "Completed Job" | User: null | data: {}
07-10-2016 09:42:33 | [INFO] | Message: "Running Job: L3E" | User: null | data: {}
07-10-2016 09:42:33 | [INFO] | Message: "Recieved SQL Request For Cell: L3E" | User: null | data: {}
07-10-2016 09:42:33 | [INFO] | Message: "Finished Parsing Request" | User: null | data: {}
07-10-2016 09:42:33 | [INFO] | Message: "Completed Job" | User: null | data: {}
07-10-2016 09:42:48 | [INFO] | Message: "Running Job: L3G" | User: null | data: {}
07-10-2016 09:42:48 | [INFO] | Message: "Completed Job" | User: null | data: {}
07-10-2016 09:42:48 | [INFO] | Message: "Recieved SQL Request For Cell: L3G" | User: null | data: {}
07-10-2016 09:43:18 | [INFO] | Message: "Running Job: L3E" | User: null | data: {}
07-10-2016 09:43:18 | [INFO] | Message: "Recieved SQL Request For Cell: L3E" | User: null | data: {}
07-10-2016 09:43:18 | [INFO] | Message: "Finished Parsing Request" | User: null | data: {}
07-10-2016 09:43:18 | [INFO] | Message: "Completed Job" | User: null | data: {}
07-10-2016 09:43:33 | [INFO] | Message: "Running Job: L3G" | User: null | data: {}
07-10-2016 09:43:33 | [INFO] | Message: "Recieved SQL Request For Cell: L3G" | User: null | data: {}
07-10-2016 09:43:33 | [INFO] | Message: "Completed Job" | User: null | data: {}
07-10-2016 09:44:03 | [INFO] | Message: "Running Job: L3E" | User: null | data: {}
07-10-2016 09:44:03 | [INFO] | Message: "Finished Parsing Request" | User: null | data: {}
07-10-2016 09:44:03 | [INFO] | Message: "Recieved SQL Request For Cell: L3E" | User: null | data: {}
07-10-2016 09:44:03 | [INFO] | Message: "Completed Job" | User: null | data: {}
07-10-2016 09:44:18 | [INFO] | Message: "Running Job: L3G" | User: null | data: {}
07-10-2016 09:44:18 | [INFO] | Message: "Recieved SQL Request For Cell: L3G" | User: null | data: {}
07-10-2016 09:44:18 | [INFO] | Message: "Completed Job" | User: null | data: {}
07-10-2016 09:44:48 | [INFO] | Message: "Running Job: L3E" | User: null | data: {}
07-10-2016 09:44:48 | [INFO] | Message: "Recieved SQL Request For Cell: L3E" | User: null | data: {}
07-10-2016 09:44:48 | [INFO] | Message: "Finished Parsing Request" | User: null | data: {}
07-10-2016 09:44:48 | [INFO] | Message: "Completed Job" | User: null | data: {}
07-10-2016 09:45:03 | [INFO] | Message: "Running Job: L3G" | User: null | data: {}
07-10-2016 09:45:03 | [INFO] | Message: "Recieved SQL Request For Cell: L3G" | User: null | data: {}
07-10-2016 09:45:03 | [INFO] | Message: "Completed Job" | User: null | data: {}
07-10-2016 09:45:33 | [INFO] | Message: "Running Job: L3E" | User: null | data: {}
07-10-2016 09:45:33 | [INFO] | Message: "Recieved SQL Request For Cell: L3E" | User: null | data: {}
07-10-2016 09:45:33 | [INFO] | Message: "Finished Parsing Request" | User: null | data: {}
07-10-2016 09:45:33 | [INFO] | Message: "Completed Job" | User: null | data: {}
07-10-2016 09:45:48 | [INFO] | Message: "Running Job: L3G" | User: null | data: {}
07-10-2016 09:45:48 | [INFO] | Message: "Completed Job" | User: null | data: {}
07-10-2016 09:45:48 | [INFO] | Message: "Recieved SQL Request For Cell: L3G" | User: null | data: {}
07-10-2016 09:46:18 | [INFO] | Message: "Running Job: L3E" | User: null | data: {}
07-10-2016 09:46:18 | [INFO] | Message: "Completed Job" | User: null | data: {}
07-10-2016 09:46:18 | [INFO] | Message: "Recieved SQL Request For Cell: L3E" | User: null | data: {}
07-10-2016 09:46:18 | [INFO] | Message: "Finished Parsing Request" | User: null | data: {}
07-10-2016 09:46:33 | [INFO] | Message: "Running Job: L3G" | User: null | data: {}
07-10-2016 09:46:33 | [INFO] | Message: "Completed Job" | User: null | data: {}
07-10-2016 09:46:33 | [INFO] | Message: "Recieved SQL Request For Cell: L3G" | User: null | data: {}
07-10-2016 09:47:03 | [INFO] | Message: "Running Job: L3E" | User: null | data: {}
07-10-2016 09:47:03 | [INFO] | Message: "Recieved SQL Request For Cell: L3E" | User: null | data: {}
07-10-2016 09:47:03 | [INFO] | Message: "Finished Parsing Request" | User: null | data: {}
07-10-2016 09:47:03 | [INFO] | Message: "Completed Job" | User: null | data: {}
07-10-2016 09:47:18 | [INFO] | Message: "Running Job: L3G" | User: null | data: {}
07-10-2016 09:47:18 | [INFO] | Message: "Recieved SQL Request For Cell: L3G" | User: null | data: {}
07-10-2016 09:47:18 | [INFO] | Message: "Completed Job" | User: null | data: {}
07-10-2016 09:47:48 | [INFO] | Message: "Running Job: L3E" | User: null | data: {}
07-10-2016 09:47:48 | [INFO] | Message: "Recieved SQL Request For Cell: L3E" | User: null | data: {}
07-10-2016 09:47:48 | [INFO] | Message: "Finished Parsing Request" | User: null | data: {}
07-10-2016 09:47:48 | [INFO] | Message: "Completed Job" | User: null | data: {}
07-10-2016 09:48:03 | [INFO] | Message: "Running Job: L3G" | User: null | data: {}
07-10-2016 09:48:03 | [INFO] | Message: "Recieved SQL Request For Cell: L3G" | User: null | data: {}
07-10-2016 09:48:03 | [INFO] | Message: "Completed Job" | User: null | data: {}
07-10-2016 09:48:33 | [INFO] | Message: "Running Job: L3E" | User: null | data: {}
07-10-2016 09:48:33 | [INFO] | Message: "Recieved SQL Request For Cell: L3E" | User: null | data: {}
07-10-2016 09:48:33 | [INFO] | Message: "Finished Parsing Request" | User: null | data: {}
07-10-2016 09:48:33 | [INFO] | Message: "Completed Job" | User: null | data: {}
07-10-2016 09:48:48 | [INFO] | Message: "Running Job: L3G" | User: null | data: {}
07-10-2016 09:48:48 | [INFO] | Message: "Completed Job" | User: null | data: {}
07-10-2016 09:48:48 | [INFO] | Message: "Recieved SQL Request For Cell: L3G" | User: null | data: {}
07-10-2016 09:49:18 | [INFO] | Message: "Running Job: L3E" | User: null | data: {}
07-10-2016 09:49:18 | [INFO] | Message: "Recieved SQL Request For Cell: L3E" | User: null | data: {}
07-10-2016 09:49:18 | [INFO] | Message: "Finished Parsing Request" | User: null | data: {}
07-10-2016 09:49:18 | [INFO] | Message: "Completed Job" | User: null | data: {}
07-10-2016 09:49:33 | [INFO] | Message: "Running Job: L3G" | User: null | data: {}
07-10-2016 09:49:33 | [INFO] | Message: "Recieved SQL Request For Cell: L3G" | User: null | data: {}
07-10-2016 09:49:33 | [INFO] | Message: "Completed Job" | User: null | data: {}
07-10-2016 09:50:03 | [INFO] | Message: "Running Job: L3E" | User: null | data: {}
07-10-2016 09:50:03 | [INFO] | Message: "Recieved SQL Request For Cell: L3E" | User: null | data: {}
07-10-2016 09:50:03 | [INFO] | Message: "Finished Parsing Request" | User: null | data: {}
07-10-2016 09:50:03 | [INFO] | Message: "Completed Job" | User: null | data: {}
07-10-2016 09:50:18 | [INFO] | Message: "Running Job: L3G" | User: null | data: {}
07-10-2016 09:50:18 | [INFO] | Message: "Recieved SQL Request For Cell: L3G" | User: null | data: {}
07-10-2016 09:50:18 | [INFO] | Message: "Completed Job" | User: null | data: {}
07-10-2016 09:50:48 | [INFO] | Message: "Running Job: L3E" | User: null | data: {}
07-10-2016 09:50:48 | [INFO] | Message: "Recieved SQL Request For Cell: L3E" | User: null | data: {}
07-10-2016 09:50:48 | [INFO] | Message: "Finished Parsing Request" | User: null | data: {}
07-10-2016 09:50:48 | [INFO] | Message: "Completed Job" | User: null | data: {}
07-10-2016 09:51:03 | [INFO] | Message: "Running Job: L3G" | User: null | data: {}
07-10-2016 09:51:03 | [INFO] | Message: "Recieved SQL Request For Cell: L3G" | User: null | data: {}
07-10-2016 09:51:03 | [INFO] | Message: "Completed Job" | User: null | data: {}
07-10-2016 09:51:33 | [INFO] | Message: "Running Job: L3E" | User: null | data: {}
07-10-2016 09:51:33 | [INFO] | Message: "Recieved SQL Request For Cell: L3E" | User: null | data: {}
07-10-2016 09:51:33 | [INFO] | Message: "Finished Parsing Request" | User: null | data: {}
07-10-2016 09:51:33 | [INFO] | Message: "Completed Job" | User: null | data: {}
07-10-2016 09:51:48 | [INFO] | Message: "Running Job: L3G" | User: null | data: {}
07-10-2016 09:51:48 | [INFO] | Message: "Recieved SQL Request For Cell: L3G" | User: null | data: {}
07-10-2016 09:51:48 | [INFO] | Message: "Completed Job" | User: null | data: {}
07-10-2016 09:52:18 | [INFO] | Message: "Running Job: L3E" | User: null | data: {}
07-10-2016 09:52:18 | [INFO] | Message: "Recieved SQL Request For Cell: L3E" | User: null | data: {}
07-10-2016 09:52:18 | [INFO] | Message: "Finished Parsing Request" | User: null | data: {}
07-10-2016 09:52:18 | [INFO] | Message: "Completed Job" | User: null | data: {}
07-10-2016 09:52:33 | [INFO] | Message: "Running Job: L3G" | User: null | data: {}
07-10-2016 09:52:33 | [INFO] | Message: "Completed Job" | User: null | data: {}
07-10-2016 09:52:33 | [INFO] | Message: "Recieved SQL Request For Cell: L3G" | User: null | data: {}
07-10-2016 09:53:03 | [INFO] | Message: "Running Job: L3E" | User: null | data: {}
07-10-2016 09:53:03 | [INFO] | Message: "Finished Parsing Request" | User: null | data: {}
07-10-2016 09:53:03 | [INFO] | Message: "Recieved SQL Request For Cell: L3E" | User: null | data: {}
07-10-2016 09:53:03 | [INFO] | Message: "Completed Job" | User: null | data: {}
07-10-2016 09:53:18 | [INFO] | Message: "Running Job: L3G" | User: null | data: {}
07-10-2016 09:53:18 | [INFO] | Message: "Completed Job" | User: null | data: {}
07-10-2016 09:53:18 | [INFO] | Message: "Recieved SQL Request For Cell: L3G" | User: null | data: {}
07-10-2016 09:53:48 | [INFO] | Message: "Running Job: L3E" | User: null | data: {}
07-10-2016 09:53:48 | [INFO] | Message: "Recieved SQL Request For Cell: L3E" | User: null | data: {}
07-10-2016 09:53:48 | [INFO] | Message: "Completed Job" | User: null | data: {}
07-10-2016 09:53:48 | [INFO] | Message: "Finished Parsing Request" | User: null | data: {}
07-10-2016 09:54:03 | [INFO] | Message: "Running Job: L3G" | User: null | data: {}
07-10-2016 09:54:03 | [INFO] | Message: "Completed Job" | User: null | data: {}
07-10-2016 09:54:03 | [INFO] | Message: "Recieved SQL Request For Cell: L3G" | User: null | data: {}
07-10-2016 09:54:33 | [INFO] | Message: "Running Job: L3E" | User: null | data: {}
07-10-2016 09:54:33 | [INFO] | Message: "Recieved SQL Request For Cell: L3E" | User: null | data: {}
07-10-2016 09:54:33 | [INFO] | Message: "Finished Parsing Request" | User: null | data: {}
07-10-2016 09:54:33 | [INFO] | Message: "Completed Job" | User: null | data: {}
07-10-2016 09:54:48 | [INFO] | Message: "Running Job: L3G" | User: null | data: {}
07-10-2016 09:54:48 | [INFO] | Message: "Recieved SQL Request For Cell: L3G" | User: null | data: {}
07-10-2016 09:54:48 | [INFO] | Message: "Completed Job" | User: null | data: {}
07-10-2016 09:55:18 | [INFO] | Message: "Finished Parsing Request" | User: null | data: {}
07-10-2016 09:55:18 | [INFO] | Message: "Recieved SQL Request For Cell: L3E" | User: null | data: {}
07-10-2016 09:55:18 | [INFO] | Message: "Running Job: L3E" | User: null | data: {}
07-10-2016 09:55:18 | [INFO] | Message: "Completed Job" | User: null | data: {}
07-10-2016 09:55:33 | [INFO] | Message: "Running Job: L3G" | User: null | data: {}
07-10-2016 09:55:33 | [INFO] | Message: "Completed Job" | User: null | data: {}
07-10-2016 09:55:33 | [INFO] | Message: "Recieved SQL Request For Cell: L3G" | User: null | data: {}
07-10-2016 09:56:03 | [INFO] | Message: "Running Job: L3E" | User: null | data: {}
07-10-2016 09:56:03 | [INFO] | Message: "Recieved SQL Request For Cell: L3E" | User: null | data: {}
07-10-2016 09:56:03 | [INFO] | Message: "Finished Parsing Request" | User: null | data: {}
07-10-2016 09:56:03 | [INFO] | Message: "Completed Job" | User: null | data: {}
07-10-2016 09:56:18 | [INFO] | Message: "Running Job: L3G" | User: null | data: {}
07-10-2016 09:56:18 | [INFO] | Message: "Completed Job" | User: null | data: {}
07-10-2016 09:56:18 | [INFO] | Message: "Recieved SQL Request For Cell: L3G" | User: null | data: {}
07-10-2016 09:56:48 | [INFO] | Message: "Running Job: L3E" | User: null | data: {}
07-10-2016 09:56:48 | [INFO] | Message: "Recieved SQL Request For Cell: L3E" | User: null | data: {}
07-10-2016 09:56:48 | [INFO] | Message: "Finished Parsing Request" | User: null | data: {}
07-10-2016 09:56:48 | [INFO] | Message: "Completed Job" | User: null | data: {}
07-10-2016 09:57:03 | [INFO] | Message: "Running Job: L3G" | User: null | data: {}
07-10-2016 09:57:03 | [INFO] | Message: "Recieved SQL Request For Cell: L3G" | User: null | data: {}
07-10-2016 09:57:03 | [INFO] | Message: "Completed Job" | User: null | data: {}
07-10-2016 09:57:33 | [INFO] | Message: "Running Job: L3E" | User: null | data: {}
07-10-2016 09:57:33 | [INFO] | Message: "Recieved SQL Request For Cell: L3E" | User: null | data: {}
07-10-2016 09:57:33 | [INFO] | Message: "Finished Parsing Request" | User: null | data: {}
07-10-2016 09:57:33 | [INFO] | Message: "Completed Job" | User: null | data: {}
07-10-2016 09:57:48 | [INFO] | Message: "Running Job: L3G" | User: null | data: {}
07-10-2016 09:57:48 | [INFO] | Message: "Recieved SQL Request For Cell: L3G" | User: null | data: {}
07-10-2016 09:57:48 | [INFO] | Message: "Completed Job" | User: null | data: {}
07-10-2016 09:58:18 | [INFO] | Message: "Running Job: L3E" | User: null | data: {}
07-10-2016 09:58:18 | [INFO] | Message: "Recieved SQL Request For Cell: L3E" | User: null | data: {}
07-10-2016 09:58:18 | [INFO] | Message: "Finished Parsing Request" | User: null | data: {}
07-10-2016 09:58:18 | [INFO] | Message: "Completed Job" | User: null | data: {}
07-10-2016 09:58:33 | [INFO] | Message: "Running Job: L3G" | User: null | data: {}
07-10-2016 09:58:33 | [INFO] | Message: "Recieved SQL Request For Cell: L3G" | User: null | data: {}
07-10-2016 09:58:33 | [INFO] | Message: "Completed Job" | User: null | data: {}
07-10-2016 09:59:03 | [INFO] | Message: "Running Job: L3E" | User: null | data: {}
07-10-2016 09:59:03 | [INFO] | Message: "Recieved SQL Request For Cell: L3E" | User: null | data: {}
07-10-2016 09:59:03 | [INFO] | Message: "Finished Parsing Request" | User: null | data: {}
07-10-2016 09:59:03 | [INFO] | Message: "Completed Job" | User: null | data: {}
07-10-2016 09:59:18 | [INFO] | Message: "Running Job: L3G" | User: null | data: {}
07-10-2016 09:59:18 | [INFO] | Message: "Recieved SQL Request For Cell: L3G" | User: null | data: {}
07-10-2016 09:59:18 | [INFO] | Message: "Completed Job" | User: null | data: {}
07-10-2016 09:59:48 | [INFO] | Message: "Running Job: L3E" | User: null | data: {}
07-10-2016 09:59:48 | [INFO] | Message: "Recieved SQL Request For Cell: L3E" | User: null | data: {}
07-10-2016 09:59:48 | [INFO] | Message: "Finished Parsing Request" | User: null | data: {}
07-10-2016 09:59:48 | [INFO] | Message: "Completed Job" | User: null | data: {}
07-10-2016 10:00:03 | [INFO] | Message: "Running Job: L3G" | User: null | data: {}
07-10-2016 10:00:03 | [INFO] | Message: "Recieved SQL Request For Cell: L3G" | User: null | data: {}
07-10-2016 10:00:03 | [INFO] | Message: "Completed Job" | User: null | data: {}
07-10-2016 10:00:33 | [INFO] | Message: "Running Job: L3E" | User: null | data: {}
07-10-2016 10:00:33 | [INFO] | Message: "Recieved SQL Request For Cell: L3E" | User: null | data: {}
07-10-2016 10:00:33 | [INFO] | Message: "Finished Parsing Request" | User: null | data: {}
07-10-2016 10:00:33 | [INFO] | Message: "Completed Job" | User: null | data: {}
07-10-2016 10:00:48 | [INFO] | Message: "Running Job: L3G" | User: null | data: {}
07-10-2016 10:00:48 | [INFO] | Message: "Recieved SQL Request For Cell: L3G" | User: null | data: {}
07-10-2016 10:00:48 | [INFO] | Message: "Completed Job" | User: null | data: {}
07-10-2016 10:01:18 | [INFO] | Message: "Running Job: L3E" | User: null | data: {}
07-10-2016 10:01:18 | [INFO] | Message: "Recieved SQL Request For Cell: L3E" | User: null | data: {}
07-10-2016 10:01:18 | [INFO] | Message: "Finished Parsing Request" | User: null | data: {}
07-10-2016 10:01:18 | [INFO] | Message: "Completed Job" | User: null | data: {}
07-10-2016 10:01:33 | [INFO] | Message: "Running Job: L3G" | User: null | data: {}
07-10-2016 10:01:33 | [INFO] | Message: "Recieved SQL Request For Cell: L3G" | User: null | data: {}
07-10-2016 10:01:33 | [INFO] | Message: "Completed Job" | User: null | data: {}
07-10-2016 10:02:03 | [INFO] | Message: "Running Job: L3E" | User: null | data: {}
07-10-2016 10:02:03 | [INFO] | Message: "Recieved SQL Request For Cell: L3E" | User: null | data: {}
07-10-2016 10:02:03 | [INFO] | Message: "Finished Parsing Request" | User: null | data: {}
07-10-2016 10:02:03 | [INFO] | Message: "Completed Job" | User: null | data: {}
07-10-2016 10:02:18 | [INFO] | Message: "Running Job: L3G" | User: null | data: {}
07-10-2016 10:02:18 | [INFO] | Message: "Recieved SQL Request For Cell: L3G" | User: null | data: {}
07-10-2016 10:02:18 | [INFO] | Message: "Completed Job" | User: null | data: {}
07-10-2016 10:02:48 | [INFO] | Message: "Running Job: L3E" | User: null | data: {}
07-10-2016 10:02:48 | [INFO] | Message: "Recieved SQL Request For Cell: L3E" | User: null | data: {}
07-10-2016 10:02:48 | [INFO] | Message: "Finished Parsing Request" | User: null | data: {}
07-10-2016 10:02:48 | [INFO] | Message: "Completed Job" | User: null | data: {}
07-10-2016 10:03:03 | [INFO] | Message: "Running Job: L3G" | User: null | data: {}
07-10-2016 10:03:03 | [INFO] | Message: "Recieved SQL Request For Cell: L3G" | User: null | data: {}
07-10-2016 10:03:03 | [INFO] | Message: "Completed Job" | User: null | data: {}
07-10-2016 10:03:33 | [INFO] | Message: "Running Job: L3E" | User: null | data: {}
07-10-2016 10:03:33 | [INFO] | Message: "Recieved SQL Request For Cell: L3E" | User: null | data: {}
07-10-2016 10:03:33 | [INFO] | Message: "Finished Parsing Request" | User: null | data: {}
07-10-2016 10:03:33 | [INFO] | Message: "Completed Job" | User: null | data: {}
07-10-2016 10:03:48 | [INFO] | Message: "Running Job: L3G" | User: null | data: {}
07-10-2016 10:03:48 | [INFO] | Message: "Completed Job" | User: null | data: {}
07-10-2016 10:03:48 | [INFO] | Message: "Recieved SQL Request For Cell: L3G" | User: null | data: {}
07-10-2016 10:04:18 | [INFO] | Message: "Running Job: L3E" | User: null | data: {}
07-10-2016 10:04:18 | [INFO] | Message: "Recieved SQL Request For Cell: L3E" | User: null | data: {}
07-10-2016 10:04:18 | [INFO] | Message: "Finished Parsing Request" | User: null | data: {}
07-10-2016 10:04:18 | [INFO] | Message: "Completed Job" | User: null | data: {}
07-10-2016 10:04:33 | [INFO] | Message: "Running Job: L3G" | User: null | data: {}
07-10-2016 10:04:33 | [INFO] | Message: "Recieved SQL Request For Cell: L3G" | User: null | data: {}
07-10-2016 10:04:33 | [INFO] | Message: "Completed Job" | User: null | data: {}
07-10-2016 10:05:03 | [INFO] | Message: "Running Job: L3E" | User: null | data: {}
07-10-2016 10:05:03 | [INFO] | Message: "Recieved SQL Request For Cell: L3E" | User: null | data: {}
07-10-2016 10:05:03 | [INFO] | Message: "Finished Parsing Request" | User: null | data: {}
07-10-2016 10:05:03 | [INFO] | Message: "Completed Job" | User: null | data: {}
07-10-2016 10:05:18 | [INFO] | Message: "Running Job: L3G" | User: null | data: {}
07-10-2016 10:05:18 | [INFO] | Message: "Recieved SQL Request For Cell: L3G" | User: null | data: {}
07-10-2016 10:05:18 | [INFO] | Message: "Completed Job" | User: null | data: {}
07-10-2016 10:05:48 | [INFO] | Message: "Running Job: L3E" | User: null | data: {}
07-10-2016 10:05:48 | [INFO] | Message: "Recieved SQL Request For Cell: L3E" | User: null | data: {}
07-10-2016 10:05:48 | [INFO] | Message: "Finished Parsing Request" | User: null | data: {}
07-10-2016 10:05:48 | [INFO] | Message: "Completed Job" | User: null | data: {}
07-10-2016 10:06:03 | [INFO] | Message: "Running Job: L3G" | User: null | data: {}
07-10-2016 10:06:03 | [INFO] | Message: "Recieved SQL Request For Cell: L3G" | User: null | data: {}
07-10-2016 10:06:03 | [INFO] | Message: "Completed Job" | User: null | data: {}
07-10-2016 10:06:33 | [INFO] | Message: "Running Job: L3E" | User: null | data: {}
07-10-2016 10:06:33 | [INFO] | Message: "Recieved SQL Request For Cell: L3E" | User: null | data: {}
07-10-2016 10:06:33 | [INFO] | Message: "Finished Parsing Request" | User: null | data: {}
07-10-2016 10:06:33 | [INFO] | Message: "Completed Job" | User: null | data: {}
07-10-2016 10:06:48 | [INFO] | Message: "Running Job: L3G" | User: null | data: {}
07-10-2016 10:06:48 | [INFO] | Message: "Recieved SQL Request For Cell: L3G" | User: null | data: {}
07-10-2016 10:06:48 | [INFO] | Message: "Completed Job" | User: null | data: {}
07-10-2016 10:07:18 | [INFO] | Message: "Running Job: L3E" | User: null | data: {}
07-10-2016 10:07:18 | [INFO] | Message: "Recieved SQL Request For Cell: L3E" | User: null | data: {}
07-10-2016 10:07:18 | [INFO] | Message: "Finished Parsing Request" | User: null | data: {}
07-10-2016 10:07:18 | [INFO] | Message: "Completed Job" | User: null | data: {}
07-10-2016 10:07:33 | [INFO] | Message: "Running Job: L3G" | User: null | data: {}
07-10-2016 10:07:33 | [INFO] | Message: "Recieved SQL Request For Cell: L3G" | User: null | data: {}
07-10-2016 10:07:33 | [INFO] | Message: "Completed Job" | User: null | data: {}
07-10-2016 10:08:03 | [INFO] | Message: "Running Job: L3E" | User: null | data: {}
07-10-2016 10:08:03 | [INFO] | Message: "Recieved SQL Request For Cell: L3E" | User: null | data: {}
07-10-2016 10:08:03 | [INFO] | Message: "Finished Parsing Request" | User: null | data: {}
07-10-2016 10:08:03 | [INFO] | Message: "Completed Job" | User: null | data: {}
07-10-2016 10:08:18 | [INFO] | Message: "Running Job: L3G" | User: null | data: {}
07-10-2016 10:08:18 | [INFO] | Message: "Recieved SQL Request For Cell: L3G" | User: null | data: {}
07-10-2016 10:08:18 | [INFO] | Message: "Completed Job" | User: null | data: {}
07-10-2016 10:08:48 | [INFO] | Message: "Running Job: L3E" | User: null | data: {}
07-10-2016 10:08:48 | [INFO] | Message: "Recieved SQL Request For Cell: L3E" | User: null | data: {}
07-10-2016 10:08:48 | [INFO] | Message: "Finished Parsing Request" | User: null | data: {}
07-10-2016 10:08:48 | [INFO] | Message: "Completed Job" | User: null | data: {}
07-10-2016 10:09:03 | [INFO] | Message: "Running Job: L3G" | User: null | data: {}
07-10-2016 10:09:03 | [INFO] | Message: "Recieved SQL Request For Cell: L3G" | User: null | data: {}
07-10-2016 10:09:03 | [INFO] | Message: "Completed Job" | User: null | data: {}
07-10-2016 10:09:33 | [INFO] | Message: "Running Job: L3E" | User: null | data: {}
07-10-2016 10:09:33 | [INFO] | Message: "Recieved SQL Request For Cell: L3E" | User: null | data: {}
07-10-2016 10:09:33 | [INFO] | Message: "Finished Parsing Request" | User: null | data: {}
07-10-2016 10:09:33 | [INFO] | Message: "Completed Job" | User: null | data: {}
07-10-2016 10:09:48 | [INFO] | Message: "Running Job: L3G" | User: null | data: {}
07-10-2016 10:09:48 | [INFO] | Message: "Recieved SQL Request For Cell: L3G" | User: null | data: {}
07-10-2016 10:09:48 | [INFO] | Message: "Completed Job" | User: null | data: {}
07-10-2016 10:10:18 | [INFO] | Message: "Running Job: L3E" | User: null | data: {}
07-10-2016 10:10:18 | [INFO] | Message: "Recieved SQL Request For Cell: L3E" | User: null | data: {}
07-10-2016 10:10:18 | [INFO] | Message: "Finished Parsing Request" | User: null | data: {}
07-10-2016 10:10:18 | [INFO] | Message: "Completed Job" | User: null | data: {}
07-10-2016 10:10:33 | [INFO] | Message: "Running Job: L3G" | User: null | data: {}
07-10-2016 10:10:33 | [INFO] | Message: "Recieved SQL Request For Cell: L3G" | User: null | data: {}
07-10-2016 10:10:33 | [INFO] | Message: "Completed Job" | User: null | data: {}
07-10-2016 10:11:03 | [INFO] | Message: "Running Job: L3E" | User: null | data: {}
07-10-2016 10:11:03 | [INFO] | Message: "Recieved SQL Request For Cell: L3E" | User: null | data: {}
07-10-2016 10:11:03 | [INFO] | Message: "Finished Parsing Request" | User: null | data: {}
07-10-2016 10:11:03 | [INFO] | Message: "Completed Job" | User: null | data: {}
07-10-2016 10:11:18 | [INFO] | Message: "Running Job: L3G" | User: null | data: {}
07-10-2016 10:11:18 | [INFO] | Message: "Recieved SQL Request For Cell: L3G" | User: null | data: {}
07-10-2016 10:11:18 | [INFO] | Message: "Completed Job" | User: null | data: {}
07-10-2016 10:11:48 | [INFO] | Message: "Running Job: L3E" | User: null | data: {}
07-10-2016 10:11:48 | [INFO] | Message: "Recieved SQL Request For Cell: L3E" | User: null | data: {}
07-10-2016 10:11:48 | [INFO] | Message: "Finished Parsing Request" | User: null | data: {}
07-10-2016 10:11:48 | [INFO] | Message: "Completed Job" | User: null | data: {}
07-10-2016 10:12:03 | [INFO] | Message: "Running Job: L3G" | User: null | data: {}
07-10-2016 10:12:03 | [INFO] | Message: "Recieved SQL Request For Cell: L3G" | User: null | data: {}
07-10-2016 10:12:03 | [INFO] | Message: "Completed Job" | User: null | data: {}
07-10-2016 10:12:33 | [INFO] | Message: "Running Job: L3E" | User: null | data: {}
07-10-2016 10:12:33 | [INFO] | Message: "Recieved SQL Request For Cell: L3E" | User: null | data: {}
07-10-2016 10:12:33 | [INFO] | Message: "Finished Parsing Request" | User: null | data: {}
07-10-2016 10:12:33 | [INFO] | Message: "Completed Job" | User: null | data: {}
07-10-2016 10:12:48 | [INFO] | Message: "Running Job: L3G" | User: null | data: {}
07-10-2016 10:12:48 | [INFO] | Message: "Completed Job" | User: null | data: {}
07-10-2016 10:12:49 | [INFO] | Message: "Recieved SQL Request For Cell: L3G" | User: null | data: {}
07-10-2016 10:13:18 | [INFO] | Message: "Running Job: L3E" | User: null | data: {}
07-10-2016 10:13:18 | [INFO] | Message: "Completed Job" | User: null | data: {}
07-10-2016 10:13:19 | [INFO] | Message: "Recieved SQL Request For Cell: L3E" | User: null | data: {}
07-10-2016 10:13:19 | [INFO] | Message: "Finished Parsing Request" | User: null | data: {}
07-10-2016 10:13:33 | [INFO] | Message: "Running Job: L3G" | User: null | data: {}
07-10-2016 10:13:33 | [INFO] | Message: "Recieved SQL Request For Cell: L3G" | User: null | data: {}
07-10-2016 10:13:33 | [INFO] | Message: "Completed Job" | User: null | data: {}
07-10-2016 10:14:03 | [INFO] | Message: "Running Job: L3E" | User: null | data: {}
07-10-2016 10:14:03 | [INFO] | Message: "Recieved SQL Request For Cell: L3E" | User: null | data: {}
07-10-2016 10:14:04 | [INFO] | Message: "Finished Parsing Request" | User: null | data: {}
07-10-2016 10:14:04 | [INFO] | Message: "Completed Job" | User: null | data: {}
07-10-2016 10:14:18 | [INFO] | Message: "Running Job: L3G" | User: null | data: {}
07-10-2016 10:14:19 | [INFO] | Message: "Recieved SQL Request For Cell: L3G" | User: null | data: {}
07-10-2016 10:14:19 | [INFO] | Message: "Completed Job" | User: null | data: {}
07-10-2016 10:14:48 | [INFO] | Message: "Running Job: L3E" | User: null | data: {}
07-10-2016 10:14:49 | [INFO] | Message: "Recieved SQL Request For Cell: L3E" | User: null | data: {}
07-10-2016 10:14:49 | [INFO] | Message: "Finished Parsing Request" | User: null | data: {}
07-10-2016 10:14:49 | [INFO] | Message: "Completed Job" | User: null | data: {}
07-10-2016 10:15:04 | [INFO] | Message: "Running Job: L3G" | User: null | data: {}
07-10-2016 10:15:04 | [INFO] | Message: "Recieved SQL Request For Cell: L3G" | User: null | data: {}
07-10-2016 10:15:04 | [INFO] | Message: "Completed Job" | User: null | data: {}
07-10-2016 10:15:34 | [INFO] | Message: "Running Job: L3E" | User: null | data: {}
07-10-2016 10:15:34 | [INFO] | Message: "Recieved SQL Request For Cell: L3E" | User: null | data: {}
07-10-2016 10:15:34 | [INFO] | Message: "Finished Parsing Request" | User: null | data: {}
07-10-2016 10:15:34 | [INFO] | Message: "Completed Job" | User: null | data: {}
07-10-2016 10:15:49 | [INFO] | Message: "Running Job: L3G" | User: null | data: {}
07-10-2016 10:15:49 | [INFO] | Message: "Completed Job" | User: null | data: {}
07-10-2016 10:15:49 | [INFO] | Message: "Recieved SQL Request For Cell: L3G" | User: null | data: {}
07-10-2016 10:16:19 | [INFO] | Message: "Running Job: L3E" | User: null | data: {}
07-10-2016 10:16:19 | [INFO] | Message: "Recieved SQL Request For Cell: L3E" | User: null | data: {}
07-10-2016 10:16:19 | [INFO] | Message: "Finished Parsing Request" | User: null | data: {}
07-10-2016 10:16:19 | [INFO] | Message: "Completed Job" | User: null | data: {}
07-10-2016 10:16:34 | [INFO] | Message: "Running Job: L3G" | User: null | data: {}
07-10-2016 10:16:34 | [INFO] | Message: "Completed Job" | User: null | data: {}
07-10-2016 10:16:34 | [INFO] | Message: "Recieved SQL Request For Cell: L3G" | User: null | data: {}
07-10-2016 10:17:04 | [INFO] | Message: "Running Job: L3E" | User: null | data: {}
07-10-2016 10:17:04 | [INFO] | Message: "Recieved SQL Request For Cell: L3E" | User: null | data: {}
07-10-2016 10:17:04 | [INFO] | Message: "Finished Parsing Request" | User: null | data: {}
07-10-2016 10:17:04 | [INFO] | Message: "Completed Job" | User: null | data: {}
07-10-2016 10:17:19 | [INFO] | Message: "Running Job: L3G" | User: null | data: {}
07-10-2016 10:17:19 | [INFO] | Message: "Completed Job" | User: null | data: {}
07-10-2016 10:17:19 | [INFO] | Message: "Recieved SQL Request For Cell: L3G" | User: null | data: {}
07-10-2016 10:17:49 | [INFO] | Message: "Running Job: L3E" | User: null | data: {}
07-10-2016 10:17:49 | [INFO] | Message: "Recieved SQL Request For Cell: L3E" | User: null | data: {}
07-10-2016 10:17:49 | [INFO] | Message: "Finished Parsing Request" | User: null | data: {}
07-10-2016 10:17:49 | [INFO] | Message: "Completed Job" | User: null | data: {}
07-10-2016 10:18:04 | [INFO] | Message: "Running Job: L3G" | User: null | data: {}
07-10-2016 10:18:04 | [INFO] | Message: "Recieved SQL Request For Cell: L3G" | User: null | data: {}
07-10-2016 10:18:04 | [INFO] | Message: "Completed Job" | User: null | data: {}
07-10-2016 10:18:34 | [INFO] | Message: "Running Job: L3E" | User: null | data: {}
07-10-2016 10:18:34 | [INFO] | Message: "Recieved SQL Request For Cell: L3E" | User: null | data: {}
07-10-2016 10:18:34 | [INFO] | Message: "Finished Parsing Request" | User: null | data: {}
07-10-2016 10:18:34 | [INFO] | Message: "Completed Job" | User: null | data: {}
07-10-2016 10:18:49 | [INFO] | Message: "Running Job: L3G" | User: null | data: {}
07-10-2016 10:18:49 | [INFO] | Message: "Recieved SQL Request For Cell: L3G" | User: null | data: {}
07-10-2016 10:18:49 | [INFO] | Message: "Completed Job" | User: null | data: {}
07-10-2016 10:19:19 | [INFO] | Message: "Running Job: L3E" | User: null | data: {}
07-10-2016 10:19:19 | [INFO] | Message: "Completed Job" | User: null | data: {}
07-10-2016 10:19:19 | [INFO] | Message: "Recieved SQL Request For Cell: L3E" | User: null | data: {}
07-10-2016 10:19:19 | [INFO] | Message: "Finished Parsing Request" | User: null | data: {}
07-10-2016 10:19:34 | [INFO] | Message: "Running Job: L3G" | User: null | data: {}
07-10-2016 10:19:34 | [INFO] | Message: "Recieved SQL Request For Cell: L3G" | User: null | data: {}
07-10-2016 10:19:34 | [INFO] | Message: "Completed Job" | User: null | data: {}
07-10-2016 10:20:04 | [INFO] | Message: "Running Job: L3E" | User: null | data: {}
07-10-2016 10:20:04 | [INFO] | Message: "Recieved SQL Request For Cell: L3E" | User: null | data: {}
07-10-2016 10:20:04 | [INFO] | Message: "Finished Parsing Request" | User: null | data: {}
07-10-2016 10:20:04 | [INFO] | Message: "Completed Job" | User: null | data: {}
07-10-2016 10:20:19 | [INFO] | Message: "Running Job: L3G" | User: null | data: {}
07-10-2016 10:20:19 | [INFO] | Message: "Completed Job" | User: null | data: {}
07-10-2016 10:20:19 | [INFO] | Message: "Recieved SQL Request For Cell: L3G" | User: null | data: {}
07-10-2016 10:20:49 | [INFO] | Message: "Running Job: L3E" | User: null | data: {}
07-10-2016 10:20:49 | [INFO] | Message: "Completed Job" | User: null | data: {}
07-10-2016 10:20:49 | [INFO] | Message: "Recieved SQL Request For Cell: L3E" | User: null | data: {}
07-10-2016 10:20:49 | [INFO] | Message: "Finished Parsing Request" | User: null | data: {}
07-10-2016 10:21:04 | [INFO] | Message: "Running Job: L3G" | User: null | data: {}
07-10-2016 10:21:04 | [INFO] | Message: "Recieved SQL Request For Cell: L3G" | User: null | data: {}
07-10-2016 10:21:04 | [INFO] | Message: "Completed Job" | User: null | data: {}
07-10-2016 10:21:34 | [INFO] | Message: "Running Job: L3E" | User: null | data: {}
07-10-2016 10:21:34 | [INFO] | Message: "Recieved SQL Request For Cell: L3E" | User: null | data: {}
07-10-2016 10:21:34 | [INFO] | Message: "Finished Parsing Request" | User: null | data: {}
07-10-2016 10:21:34 | [INFO] | Message: "Completed Job" | User: null | data: {}
07-10-2016 10:21:49 | [INFO] | Message: "Running Job: L3G" | User: null | data: {}
07-10-2016 10:21:49 | [INFO] | Message: "Recieved SQL Request For Cell: L3G" | User: null | data: {}
07-10-2016 10:21:49 | [INFO] | Message: "Completed Job" | User: null | data: {}
07-10-2016 10:22:19 | [INFO] | Message: "Running Job: L3E" | User: null | data: {}
07-10-2016 10:22:19 | [INFO] | Message: "Recieved SQL Request For Cell: L3E" | User: null | data: {}
07-10-2016 10:22:19 | [INFO] | Message: "Finished Parsing Request" | User: null | data: {}
07-10-2016 10:22:19 | [INFO] | Message: "Completed Job" | User: null | data: {}
07-10-2016 10:22:34 | [INFO] | Message: "Running Job: L3G" | User: null | data: {}
07-10-2016 10:22:34 | [INFO] | Message: "Completed Job" | User: null | data: {}
07-10-2016 10:22:34 | [INFO] | Message: "Recieved SQL Request For Cell: L3G" | User: null | data: {}
07-10-2016 10:23:04 | [INFO] | Message: "Running Job: L3E" | User: null | data: {}
07-10-2016 10:23:04 | [INFO] | Message: "Recieved SQL Request For Cell: L3E" | User: null | data: {}
07-10-2016 10:23:04 | [INFO] | Message: "Finished Parsing Request" | User: null | data: {}
07-10-2016 10:23:04 | [INFO] | Message: "Completed Job" | User: null | data: {}
07-10-2016 10:23:19 | [INFO] | Message: "Running Job: L3G" | User: null | data: {}
07-10-2016 10:23:19 | [INFO] | Message: "Recieved SQL Request For Cell: L3G" | User: null | data: {}
07-10-2016 10:23:19 | [INFO] | Message: "Completed Job" | User: null | data: {}
07-10-2016 10:23:49 | [INFO] | Message: "Running Job: L3E" | User: null | data: {}
07-10-2016 10:23:49 | [INFO] | Message: "Recieved SQL Request For Cell: L3E" | User: null | data: {}
07-10-2016 10:23:49 | [INFO] | Message: "Finished Parsing Request" | User: null | data: {}
07-10-2016 10:23:49 | [INFO] | Message: "Completed Job" | User: null | data: {}
07-10-2016 10:24:04 | [INFO] | Message: "Running Job: L3G" | User: null | data: {}
07-10-2016 10:24:04 | [INFO] | Message: "Recieved SQL Request For Cell: L3G" | User: null | data: {}
07-10-2016 10:24:04 | [INFO] | Message: "Completed Job" | User: null | data: {}
07-10-2016 10:24:34 | [INFO] | Message: "Recieved SQL Request For Cell: L3E" | User: null | data: {}
07-10-2016 10:24:34 | [INFO] | Message: "Running Job: L3E" | User: null | data: {}
07-10-2016 10:24:34 | [INFO] | Message: "Finished Parsing Request" | User: null | data: {}
07-10-2016 10:24:34 | [INFO] | Message: "Completed Job" | User: null | data: {}
07-10-2016 10:24:49 | [INFO] | Message: "Running Job: L3G" | User: null | data: {}
07-10-2016 10:24:49 | [INFO] | Message: "Recieved SQL Request For Cell: L3G" | User: null | data: {}
07-10-2016 10:24:49 | [INFO] | Message: "Completed Job" | User: null | data: {}
07-10-2016 10:25:19 | [INFO] | Message: "Running Job: L3E" | User: null | data: {}
07-10-2016 10:25:19 | [INFO] | Message: "Recieved SQL Request For Cell: L3E" | User: null | data: {}
07-10-2016 10:25:19 | [INFO] | Message: "Finished Parsing Request" | User: null | data: {}
07-10-2016 10:25:19 | [INFO] | Message: "Completed Job" | User: null | data: {}
07-10-2016 10:25:34 | [INFO] | Message: "Running Job: L3G" | User: null | data: {}
07-10-2016 10:25:34 | [INFO] | Message: "Recieved SQL Request For Cell: L3G" | User: null | data: {}
07-10-2016 10:25:34 | [INFO] | Message: "Completed Job" | User: null | data: {}
07-10-2016 10:26:04 | [INFO] | Message: "Running Job: L3E" | User: null | data: {}
07-10-2016 10:26:04 | [INFO] | Message: "Recieved SQL Request For Cell: L3E" | User: null | data: {}
07-10-2016 10:26:04 | [INFO] | Message: "Finished Parsing Request" | User: null | data: {}
07-10-2016 10:26:04 | [INFO] | Message: "Completed Job" | User: null | data: {}
07-10-2016 10:26:19 | [INFO] | Message: "Running Job: L3G" | User: null | data: {}
07-10-2016 10:26:19 | [INFO] | Message: "Recieved SQL Request For Cell: L3G" | User: null | data: {}
07-10-2016 10:26:19 | [INFO] | Message: "Completed Job" | User: null | data: {}
07-10-2016 10:26:49 | [INFO] | Message: "Running Job: L3E" | User: null | data: {}
07-10-2016 10:26:49 | [INFO] | Message: "Recieved SQL Request For Cell: L3E" | User: null | data: {}
07-10-2016 10:26:49 | [INFO] | Message: "Finished Parsing Request" | User: null | data: {}
07-10-2016 10:26:49 | [INFO] | Message: "Completed Job" | User: null | data: {}
07-10-2016 10:27:04 | [INFO] | Message: "Running Job: L3G" | User: null | data: {}
07-10-2016 10:27:04 | [INFO] | Message: "Recieved SQL Request For Cell: L3G" | User: null | data: {}
07-10-2016 10:27:04 | [INFO] | Message: "Completed Job" | User: null | data: {}
07-10-2016 10:27:34 | [INFO] | Message: "Running Job: L3E" | User: null | data: {}
07-10-2016 10:27:34 | [INFO] | Message: "Recieved SQL Request For Cell: L3E" | User: null | data: {}
07-10-2016 10:27:34 | [INFO] | Message: "Finished Parsing Request" | User: null | data: {}
07-10-2016 10:27:34 | [INFO] | Message: "Completed Job" | User: null | data: {}
07-10-2016 10:27:49 | [INFO] | Message: "Running Job: L3G" | User: null | data: {}
07-10-2016 10:27:49 | [INFO] | Message: "Recieved SQL Request For Cell: L3G" | User: null | data: {}
07-10-2016 10:27:49 | [INFO] | Message: "Completed Job" | User: null | data: {}
07-10-2016 10:28:19 | [INFO] | Message: "Running Job: L3E" | User: null | data: {}
07-10-2016 10:28:19 | [INFO] | Message: "Recieved SQL Request For Cell: L3E" | User: null | data: {}
07-10-2016 10:28:19 | [INFO] | Message: "Finished Parsing Request" | User: null | data: {}
07-10-2016 10:28:19 | [INFO] | Message: "Completed Job" | User: null | data: {}
07-10-2016 10:28:34 | [INFO] | Message: "Running Job: L3G" | User: null | data: {}
07-10-2016 10:28:34 | [INFO] | Message: "Recieved SQL Request For Cell: L3G" | User: null | data: {}
07-10-2016 10:28:34 | [INFO] | Message: "Completed Job" | User: null | data: {}
07-10-2016 10:29:04 | [INFO] | Message: "Running Job: L3E" | User: null | data: {}
07-10-2016 10:29:04 | [INFO] | Message: "Recieved SQL Request For Cell: L3E" | User: null | data: {}
07-10-2016 10:29:04 | [INFO] | Message: "Finished Parsing Request" | User: null | data: {}
07-10-2016 10:29:04 | [INFO] | Message: "Completed Job" | User: null | data: {}
07-10-2016 10:29:19 | [INFO] | Message: "Running Job: L3G" | User: null | data: {}
07-10-2016 10:29:19 | [INFO] | Message: "Recieved SQL Request For Cell: L3G" | User: null | data: {}
07-10-2016 10:29:19 | [INFO] | Message: "Completed Job" | User: null | data: {}
07-10-2016 10:29:49 | [INFO] | Message: "Running Job: L3E" | User: null | data: {}
07-10-2016 10:29:49 | [INFO] | Message: "Recieved SQL Request For Cell: L3E" | User: null | data: {}
07-10-2016 10:29:49 | [INFO] | Message: "Finished Parsing Request" | User: null | data: {}
07-10-2016 10:29:49 | [INFO] | Message: "Completed Job" | User: null | data: {}
07-10-2016 10:30:04 | [INFO] | Message: "Running Job: L3G" | User: null | data: {}
07-10-2016 10:30:04 | [INFO] | Message: "Recieved SQL Request For Cell: L3G" | User: null | data: {}
07-10-2016 10:30:04 | [INFO] | Message: "Completed Job" | User: null | data: {}
07-10-2016 10:30:34 | [INFO] | Message: "Running Job: L3E" | User: null | data: {}
07-10-2016 10:30:34 | [INFO] | Message: "Recieved SQL Request For Cell: L3E" | User: null | data: {}
07-10-2016 10:30:34 | [INFO] | Message: "Finished Parsing Request" | User: null | data: {}
07-10-2016 10:30:34 | [INFO] | Message: "Completed Job" | User: null | data: {}
07-10-2016 10:30:49 | [INFO] | Message: "Running Job: L3G" | User: null | data: {}
07-10-2016 10:30:49 | [INFO] | Message: "Recieved SQL Request For Cell: L3G" | User: null | data: {}
07-10-2016 10:30:49 | [INFO] | Message: "Completed Job" | User: null | data: {}
07-10-2016 10:31:19 | [INFO] | Message: "Running Job: L3E" | User: null | data: {}
07-10-2016 10:31:19 | [INFO] | Message: "Recieved SQL Request For Cell: L3E" | User: null | data: {}
07-10-2016 10:31:19 | [INFO] | Message: "Finished Parsing Request" | User: null | data: {}
07-10-2016 10:31:19 | [INFO] | Message: "Completed Job" | User: null | data: {}
07-10-2016 10:31:34 | [INFO] | Message: "Running Job: L3G" | User: null | data: {}
07-10-2016 10:31:34 | [INFO] | Message: "Recieved SQL Request For Cell: L3G" | User: null | data: {}
07-10-2016 10:31:34 | [INFO] | Message: "Completed Job" | User: null | data: {}
07-10-2016 10:32:04 | [INFO] | Message: "Running Job: L3E" | User: null | data: {}
07-10-2016 10:32:04 | [INFO] | Message: "Recieved SQL Request For Cell: L3E" | User: null | data: {}
07-10-2016 10:32:04 | [INFO] | Message: "Finished Parsing Request" | User: null | data: {}
07-10-2016 10:32:04 | [INFO] | Message: "Completed Job" | User: null | data: {}
07-10-2016 10:32:19 | [INFO] | Message: "Running Job: L3G" | User: null | data: {}
07-10-2016 10:32:19 | [INFO] | Message: "Recieved SQL Request For Cell: L3G" | User: null | data: {}
07-10-2016 10:32:19 | [INFO] | Message: "Completed Job" | User: null | data: {}
07-10-2016 10:32:49 | [INFO] | Message: "Running Job: L3E" | User: null | data: {}
07-10-2016 10:32:49 | [INFO] | Message: "Recieved SQL Request For Cell: L3E" | User: null | data: {}
07-10-2016 10:32:49 | [INFO] | Message: "Finished Parsing Request" | User: null | data: {}
07-10-2016 10:32:49 | [INFO] | Message: "Completed Job" | User: null | data: {}
07-10-2016 10:33:04 | [INFO] | Message: "Running Job: L3G" | User: null | data: {}
07-10-2016 10:33:04 | [INFO] | Message: "Recieved SQL Request For Cell: L3G" | User: null | data: {}
07-10-2016 10:33:04 | [INFO] | Message: "Completed Job" | User: null | data: {}
07-10-2016 10:33:34 | [INFO] | Message: "Running Job: L3E" | User: null | data: {}
07-10-2016 10:33:34 | [INFO] | Message: "Recieved SQL Request For Cell: L3E" | User: null | data: {}
07-10-2016 10:33:34 | [INFO] | Message: "Finished Parsing Request" | User: null | data: {}
07-10-2016 10:33:34 | [INFO] | Message: "Completed Job" | User: null | data: {}
07-10-2016 10:33:49 | [INFO] | Message: "Running Job: L3G" | User: null | data: {}
07-10-2016 10:33:49 | [INFO] | Message: "Recieved SQL Request For Cell: L3G" | User: null | data: {}
07-10-2016 10:33:49 | [INFO] | Message: "Completed Job" | User: null | data: {}
07-10-2016 10:34:19 | [INFO] | Message: "Running Job: L3E" | User: null | data: {}
07-10-2016 10:34:19 | [INFO] | Message: "Recieved SQL Request For Cell: L3E" | User: null | data: {}
07-10-2016 10:34:19 | [INFO] | Message: "Finished Parsing Request" | User: null | data: {}
07-10-2016 10:34:19 | [INFO] | Message: "Completed Job" | User: null | data: {}
07-10-2016 10:34:34 | [INFO] | Message: "Running Job: L3G" | User: null | data: {}
07-10-2016 10:34:34 | [INFO] | Message: "Recieved SQL Request For Cell: L3G" | User: null | data: {}
07-10-2016 10:34:34 | [INFO] | Message: "Completed Job" | User: null | data: {}
07-10-2016 10:35:04 | [INFO] | Message: "Running Job: L3E" | User: null | data: {}
07-10-2016 10:35:04 | [INFO] | Message: "Recieved SQL Request For Cell: L3E" | User: null | data: {}
07-10-2016 10:35:04 | [INFO] | Message: "Finished Parsing Request" | User: null | data: {}
07-10-2016 10:35:04 | [INFO] | Message: "Completed Job" | User: null | data: {}
07-10-2016 10:35:19 | [INFO] | Message: "Running Job: L3G" | User: null | data: {}
07-10-2016 10:35:19 | [INFO] | Message: "Recieved SQL Request For Cell: L3G" | User: null | data: {}
07-10-2016 10:35:19 | [INFO] | Message: "Completed Job" | User: null | data: {}
07-10-2016 10:35:49 | [INFO] | Message: "Running Job: L3E" | User: null | data: {}
07-10-2016 10:35:49 | [INFO] | Message: "Recieved SQL Request For Cell: L3E" | User: null | data: {}
07-10-2016 10:35:49 | [INFO] | Message: "Finished Parsing Request" | User: null | data: {}
07-10-2016 10:35:49 | [INFO] | Message: "Completed Job" | User: null | data: {}
07-10-2016 10:36:04 | [INFO] | Message: "Running Job: L3G" | User: null | data: {}
07-10-2016 10:36:04 | [INFO] | Message: "Recieved SQL Request For Cell: L3G" | User: null | data: {}
07-10-2016 10:36:04 | [INFO] | Message: "Completed Job" | User: null | data: {}
07-10-2016 10:36:34 | [INFO] | Message: "Running Job: L3E" | User: null | data: {}
07-10-2016 10:36:34 | [INFO] | Message: "Recieved SQL Request For Cell: L3E" | User: null | data: {}
07-10-2016 10:36:34 | [INFO] | Message: "Finished Parsing Request" | User: null | data: {}
07-10-2016 10:36:34 | [INFO] | Message: "Completed Job" | User: null | data: {}
07-10-2016 10:36:49 | [INFO] | Message: "Running Job: L3G" | User: null | data: {}
07-10-2016 10:36:49 | [INFO] | Message: "Recieved SQL Request For Cell: L3G" | User: null | data: {}
07-10-2016 10:36:49 | [INFO] | Message: "Completed Job" | User: null | data: {}
07-10-2016 10:37:19 | [INFO] | Message: "Running Job: L3E" | User: null | data: {}
07-10-2016 10:37:19 | [INFO] | Message: "Recieved SQL Request For Cell: L3E" | User: null | data: {}
07-10-2016 10:37:19 | [INFO] | Message: "Finished Parsing Request" | User: null | data: {}
07-10-2016 10:37:19 | [INFO] | Message: "Completed Job" | User: null | data: {}
07-10-2016 10:37:34 | [INFO] | Message: "Running Job: L3G" | User: null | data: {}
07-10-2016 10:37:34 | [INFO] | Message: "Recieved SQL Request For Cell: L3G" | User: null | data: {}
07-10-2016 10:37:34 | [INFO] | Message: "Completed Job" | User: null | data: {}
07-10-2016 10:38:04 | [INFO] | Message: "Running Job: L3E" | User: null | data: {}
07-10-2016 10:38:04 | [INFO] | Message: "Recieved SQL Request For Cell: L3E" | User: null | data: {}
07-10-2016 10:38:04 | [INFO] | Message: "Finished Parsing Request" | User: null | data: {}
07-10-2016 10:38:04 | [INFO] | Message: "Completed Job" | User: null | data: {}
07-10-2016 10:38:19 | [INFO] | Message: "Running Job: L3G" | User: null | data: {}
07-10-2016 10:38:19 | [INFO] | Message: "Recieved SQL Request For Cell: L3G" | User: null | data: {}
07-10-2016 10:38:19 | [INFO] | Message: "Completed Job" | User: null | data: {}
07-10-2016 10:38:49 | [INFO] | Message: "Running Job: L3E" | User: null | data: {}
07-10-2016 10:38:49 | [INFO] | Message: "Recieved SQL Request For Cell: L3E" | User: null | data: {}
07-10-2016 10:38:49 | [INFO] | Message: "Finished Parsing Request" | User: null | data: {}
07-10-2016 10:38:49 | [INFO] | Message: "Completed Job" | User: null | data: {}
07-10-2016 10:39:04 | [INFO] | Message: "Running Job: L3G" | User: null | data: {}
07-10-2016 10:39:04 | [INFO] | Message: "Recieved SQL Request For Cell: L3G" | User: null | data: {}
07-10-2016 10:39:04 | [INFO] | Message: "Completed Job" | User: null | data: {}
07-10-2016 10:39:34 | [INFO] | Message: "Running Job: L3E" | User: null | data: {}
07-10-2016 10:39:34 | [INFO] | Message: "Recieved SQL Request For Cell: L3E" | User: null | data: {}
07-10-2016 10:39:34 | [INFO] | Message: "Finished Parsing Request" | User: null | data: {}
07-10-2016 10:39:34 | [INFO] | Message: "Completed Job" | User: null | data: {}
07-10-2016 10:39:49 | [INFO] | Message: "Running Job: L3G" | User: null | data: {}
07-10-2016 10:39:49 | [INFO] | Message: "Completed Job" | User: null | data: {}
07-10-2016 10:39:49 | [INFO] | Message: "Recieved SQL Request For Cell: L3G" | User: null | data: {}
07-10-2016 10:40:19 | [INFO] | Message: "Running Job: L3E" | User: null | data: {}
07-10-2016 10:40:19 | [INFO] | Message: "Recieved SQL Request For Cell: L3E" | User: null | data: {}
07-10-2016 10:40:19 | [INFO] | Message: "Finished Parsing Request" | User: null | data: {}
07-10-2016 10:40:19 | [INFO] | Message: "Completed Job" | User: null | data: {}
07-10-2016 10:40:34 | [INFO] | Message: "Running Job: L3G" | User: null | data: {}
07-10-2016 10:40:34 | [INFO] | Message: "Recieved SQL Request For Cell: L3G" | User: null | data: {}
07-10-2016 10:40:34 | [INFO] | Message: "Completed Job" | User: null | data: {}
07-10-2016 10:41:04 | [INFO] | Message: "Running Job: L3E" | User: null | data: {}
07-10-2016 10:41:04 | [INFO] | Message: "Recieved SQL Request For Cell: L3E" | User: null | data: {}
07-10-2016 10:41:04 | [INFO] | Message: "Finished Parsing Request" | User: null | data: {}
07-10-2016 10:41:04 | [INFO] | Message: "Completed Job" | User: null | data: {}
07-10-2016 10:41:19 | [INFO] | Message: "Running Job: L3G" | User: null | data: {}
07-10-2016 10:41:19 | [INFO] | Message: "Completed Job" | User: null | data: {}
07-10-2016 10:41:19 | [INFO] | Message: "Recieved SQL Request For Cell: L3G" | User: null | data: {}
07-10-2016 10:41:49 | [INFO] | Message: "Running Job: L3E" | User: null | data: {}
07-10-2016 10:41:49 | [INFO] | Message: "Recieved SQL Request For Cell: L3E" | User: null | data: {}
07-10-2016 10:41:49 | [INFO] | Message: "Finished Parsing Request" | User: null | data: {}
07-10-2016 10:41:49 | [INFO] | Message: "Completed Job" | User: null | data: {}
07-10-2016 10:42:04 | [INFO] | Message: "Running Job: L3G" | User: null | data: {}
07-10-2016 10:42:04 | [INFO] | Message: "Recieved SQL Request For Cell: L3G" | User: null | data: {}
07-10-2016 10:42:04 | [INFO] | Message: "Completed Job" | User: null | data: {}
07-10-2016 10:42:34 | [INFO] | Message: "Running Job: L3E" | User: null | data: {}
07-10-2016 10:42:34 | [INFO] | Message: "Recieved SQL Request For Cell: L3E" | User: null | data: {}
07-10-2016 10:42:34 | [INFO] | Message: "Finished Parsing Request" | User: null | data: {}
07-10-2016 10:42:34 | [INFO] | Message: "Completed Job" | User: null | data: {}
07-10-2016 10:42:49 | [INFO] | Message: "Running Job: L3G" | User: null | data: {}
07-10-2016 10:42:49 | [INFO] | Message: "Recieved SQL Request For Cell: L3G" | User: null | data: {}
07-10-2016 10:42:49 | [INFO] | Message: "Completed Job" | User: null | data: {}
07-10-2016 10:43:19 | [INFO] | Message: "Running Job: L3E" | User: null | data: {}
07-10-2016 10:43:19 | [INFO] | Message: "Recieved SQL Request For Cell: L3E" | User: null | data: {}
07-10-2016 10:43:19 | [INFO] | Message: "Finished Parsing Request" | User: null | data: {}
07-10-2016 10:43:19 | [INFO] | Message: "Completed Job" | User: null | data: {}
07-10-2016 10:43:34 | [INFO] | Message: "Running Job: L3G" | User: null | data: {}
07-10-2016 10:43:34 | [INFO] | Message: "Completed Job" | User: null | data: {}
07-10-2016 10:43:34 | [INFO] | Message: "Recieved SQL Request For Cell: L3G" | User: null | data: {}
07-10-2016 10:44:04 | [INFO] | Message: "Running Job: L3E" | User: null | data: {}
07-10-2016 10:44:04 | [INFO] | Message: "Recieved SQL Request For Cell: L3E" | User: null | data: {}
07-10-2016 10:44:04 | [INFO] | Message: "Finished Parsing Request" | User: null | data: {}
07-10-2016 10:44:04 | [INFO] | Message: "Completed Job" | User: null | data: {}
07-10-2016 10:44:19 | [INFO] | Message: "Running Job: L3G" | User: null | data: {}
07-10-2016 10:44:19 | [INFO] | Message: "Recieved SQL Request For Cell: L3G" | User: null | data: {}
07-10-2016 10:44:19 | [INFO] | Message: "Completed Job" | User: null | data: {}
07-10-2016 10:44:49 | [INFO] | Message: "Running Job: L3E" | User: null | data: {}
07-10-2016 10:44:49 | [INFO] | Message: "Recieved SQL Request For Cell: L3E" | User: null | data: {}
07-10-2016 10:44:49 | [INFO] | Message: "Finished Parsing Request" | User: null | data: {}
07-10-2016 10:44:49 | [INFO] | Message: "Completed Job" | User: null | data: {}
07-10-2016 10:45:04 | [INFO] | Message: "Running Job: L3G" | User: null | data: {}
07-10-2016 10:45:04 | [INFO] | Message: "Recieved SQL Request For Cell: L3G" | User: null | data: {}
07-10-2016 10:45:04 | [INFO] | Message: "Completed Job" | User: null | data: {}
07-10-2016 10:45:34 | [INFO] | Message: "Recieved SQL Request For Cell: L3E" | User: null | data: {}
07-10-2016 10:45:34 | [INFO] | Message: "Running Job: L3E" | User: null | data: {}
07-10-2016 10:45:34 | [INFO] | Message: "Finished Parsing Request" | User: null | data: {}
07-10-2016 10:45:34 | [INFO] | Message: "Completed Job" | User: null | data: {}
07-10-2016 10:45:49 | [INFO] | Message: "Running Job: L3G" | User: null | data: {}
07-10-2016 10:45:49 | [INFO] | Message: "Recieved SQL Request For Cell: L3G" | User: null | data: {}
07-10-2016 10:45:49 | [INFO] | Message: "Completed Job" | User: null | data: {}
07-10-2016 10:46:19 | [INFO] | Message: "Recieved SQL Request For Cell: L3E" | User: null | data: {}
07-10-2016 10:46:19 | [INFO] | Message: "Running Job: L3E" | User: null | data: {}
07-10-2016 10:46:19 | [INFO] | Message: "Finished Parsing Request" | User: null | data: {}
07-10-2016 10:46:19 | [INFO] | Message: "Completed Job" | User: null | data: {}
07-10-2016 10:46:34 | [INFO] | Message: "Running Job: L3G" | User: null | data: {}
07-10-2016 10:46:34 | [INFO] | Message: "Completed Job" | User: null | data: {}
07-10-2016 10:46:34 | [INFO] | Message: "Recieved SQL Request For Cell: L3G" | User: null | data: {}
07-10-2016 10:47:04 | [INFO] | Message: "Running Job: L3E" | User: null | data: {}
07-10-2016 10:47:04 | [INFO] | Message: "Recieved SQL Request For Cell: L3E" | User: null | data: {}
07-10-2016 10:47:04 | [INFO] | Message: "Finished Parsing Request" | User: null | data: {}
07-10-2016 10:47:04 | [INFO] | Message: "Completed Job" | User: null | data: {}
07-10-2016 10:47:19 | [INFO] | Message: "Running Job: L3G" | User: null | data: {}
07-10-2016 10:47:19 | [INFO] | Message: "Recieved SQL Request For Cell: L3G" | User: null | data: {}
07-10-2016 10:47:19 | [INFO] | Message: "Completed Job" | User: null | data: {}
07-10-2016 10:47:49 | [INFO] | Message: "Running Job: L3E" | User: null | data: {}
07-10-2016 10:47:49 | [INFO] | Message: "Recieved SQL Request For Cell: L3E" | User: null | data: {}
07-10-2016 10:47:49 | [INFO] | Message: "Finished Parsing Request" | User: null | data: {}
07-10-2016 10:47:49 | [INFO] | Message: "Completed Job" | User: null | data: {}
07-10-2016 10:48:04 | [INFO] | Message: "Running Job: L3G" | User: null | data: {}
07-10-2016 10:48:04 | [INFO] | Message: "Recieved SQL Request For Cell: L3G" | User: null | data: {}
07-10-2016 10:48:04 | [INFO] | Message: "Completed Job" | User: null | data: {}
07-10-2016 10:48:34 | [INFO] | Message: "Recieved SQL Request For Cell: L3E" | User: null | data: {}
07-10-2016 10:48:34 | [INFO] | Message: "Running Job: L3E" | User: null | data: {}
07-10-2016 10:48:34 | [INFO] | Message: "Finished Parsing Request" | User: null | data: {}
07-10-2016 10:48:34 | [INFO] | Message: "Completed Job" | User: null | data: {}
07-10-2016 10:48:49 | [INFO] | Message: "Running Job: L3G" | User: null | data: {}
07-10-2016 10:48:49 | [INFO] | Message: "Recieved SQL Request For Cell: L3G" | User: null | data: {}
07-10-2016 10:48:49 | [INFO] | Message: "Completed Job" | User: null | data: {}
07-10-2016 10:49:19 | [INFO] | Message: "Running Job: L3E" | User: null | data: {}
07-10-2016 10:49:19 | [INFO] | Message: "Recieved SQL Request For Cell: L3E" | User: null | data: {}
07-10-2016 10:49:19 | [INFO] | Message: "Finished Parsing Request" | User: null | data: {}
07-10-2016 10:49:19 | [INFO] | Message: "Completed Job" | User: null | data: {}
07-10-2016 10:49:34 | [INFO] | Message: "Running Job: L3G" | User: null | data: {}
07-10-2016 10:49:34 | [INFO] | Message: "Completed Job" | User: null | data: {}
07-10-2016 10:49:34 | [INFO] | Message: "Recieved SQL Request For Cell: L3G" | User: null | data: {}
07-10-2016 10:50:04 | [INFO] | Message: "Running Job: L3E" | User: null | data: {}
07-10-2016 10:50:04 | [INFO] | Message: "Recieved SQL Request For Cell: L3E" | User: null | data: {}
07-10-2016 10:50:04 | [INFO] | Message: "Finished Parsing Request" | User: null | data: {}
07-10-2016 10:50:04 | [INFO] | Message: "Completed Job" | User: null | data: {}
07-10-2016 10:50:19 | [INFO] | Message: "Running Job: L3G" | User: null | data: {}
07-10-2016 10:50:19 | [INFO] | Message: "Completed Job" | User: null | data: {}
07-10-2016 10:50:19 | [INFO] | Message: "Recieved SQL Request For Cell: L3G" | User: null | data: {}
07-10-2016 10:50:49 | [INFO] | Message: "Running Job: L3E" | User: null | data: {}
07-10-2016 10:50:49 | [INFO] | Message: "Recieved SQL Request For Cell: L3E" | User: null | data: {}
07-10-2016 10:50:49 | [INFO] | Message: "Finished Parsing Request" | User: null | data: {}
07-10-2016 10:50:49 | [INFO] | Message: "Completed Job" | User: null | data: {}
07-10-2016 10:51:04 | [INFO] | Message: "Running Job: L3G" | User: null | data: {}
07-10-2016 10:51:04 | [INFO] | Message: "Recieved SQL Request For Cell: L3G" | User: null | data: {}
07-10-2016 10:51:04 | [INFO] | Message: "Completed Job" | User: null | data: {}
07-10-2016 10:51:34 | [INFO] | Message: "Running Job: L3E" | User: null | data: {}
07-10-2016 10:51:34 | [INFO] | Message: "Recieved SQL Request For Cell: L3E" | User: null | data: {}
07-10-2016 10:51:34 | [INFO] | Message: "Finished Parsing Request" | User: null | data: {}
07-10-2016 10:51:34 | [INFO] | Message: "Completed Job" | User: null | data: {}
07-10-2016 10:51:49 | [INFO] | Message: "Running Job: L3G" | User: null | data: {}
07-10-2016 10:51:49 | [INFO] | Message: "Completed Job" | User: null | data: {}
07-10-2016 10:51:49 | [INFO] | Message: "Recieved SQL Request For Cell: L3G" | User: null | data: {}
07-10-2016 10:52:19 | [INFO] | Message: "Running Job: L3E" | User: null | data: {}
07-10-2016 10:52:19 | [INFO] | Message: "Completed Job" | User: null | data: {}
07-10-2016 10:52:19 | [INFO] | Message: "Recieved SQL Request For Cell: L3E" | User: null | data: {}
07-10-2016 10:52:19 | [INFO] | Message: "Finished Parsing Request" | User: null | data: {}
07-10-2016 10:52:34 | [INFO] | Message: "Running Job: L3G" | User: null | data: {}
07-10-2016 10:52:34 | [INFO] | Message: "Recieved SQL Request For Cell: L3G" | User: null | data: {}
07-10-2016 10:52:34 | [INFO] | Message: "Completed Job" | User: null | data: {}
07-10-2016 10:53:04 | [INFO] | Message: "Running Job: L3E" | User: null | data: {}
07-10-2016 10:53:04 | [INFO] | Message: "Recieved SQL Request For Cell: L3E" | User: null | data: {}
07-10-2016 10:53:04 | [INFO] | Message: "Finished Parsing Request" | User: null | data: {}
07-10-2016 10:53:04 | [INFO] | Message: "Completed Job" | User: null | data: {}
07-10-2016 10:53:19 | [INFO] | Message: "Running Job: L3G" | User: null | data: {}
07-10-2016 10:53:19 | [INFO] | Message: "Recieved SQL Request For Cell: L3G" | User: null | data: {}
07-10-2016 10:53:19 | [INFO] | Message: "Completed Job" | User: null | data: {}
07-10-2016 10:53:49 | [INFO] | Message: "Recieved SQL Request For Cell: L3E" | User: null | data: {}
07-10-2016 10:53:49 | [INFO] | Message: "Running Job: L3E" | User: null | data: {}
07-10-2016 10:53:49 | [INFO] | Message: "Finished Parsing Request" | User: null | data: {}
07-10-2016 10:53:49 | [INFO] | Message: "Completed Job" | User: null | data: {}
07-10-2016 10:54:04 | [INFO] | Message: "Running Job: L3G" | User: null | data: {}
07-10-2016 10:54:04 | [INFO] | Message: "Recieved SQL Request For Cell: L3G" | User: null | data: {}
07-10-2016 10:54:04 | [INFO] | Message: "Completed Job" | User: null | data: {}
07-10-2016 10:54:34 | [INFO] | Message: "Running Job: L3E" | User: null | data: {}
07-10-2016 10:54:34 | [INFO] | Message: "Recieved SQL Request For Cell: L3E" | User: null | data: {}
07-10-2016 10:54:34 | [INFO] | Message: "Finished Parsing Request" | User: null | data: {}
07-10-2016 10:54:34 | [INFO] | Message: "Completed Job" | User: null | data: {}
07-10-2016 10:54:49 | [INFO] | Message: "Running Job: L3G" | User: null | data: {}
07-10-2016 10:54:49 | [INFO] | Message: "Recieved SQL Request For Cell: L3G" | User: null | data: {}
07-10-2016 10:54:49 | [INFO] | Message: "Completed Job" | User: null | data: {}
07-10-2016 10:55:19 | [INFO] | Message: "Running Job: L3E" | User: null | data: {}
07-10-2016 10:55:19 | [INFO] | Message: "Recieved SQL Request For Cell: L3E" | User: null | data: {}
07-10-2016 10:55:19 | [INFO] | Message: "Finished Parsing Request" | User: null | data: {}
07-10-2016 10:55:19 | [INFO] | Message: "Completed Job" | User: null | data: {}
07-10-2016 10:55:34 | [INFO] | Message: "Running Job: L3G" | User: null | data: {}
07-10-2016 10:55:34 | [INFO] | Message: "Completed Job" | User: null | data: {}
07-10-2016 10:55:34 | [INFO] | Message: "Recieved SQL Request For Cell: L3G" | User: null | data: {}
07-10-2016 10:56:04 | [INFO] | Message: "Running Job: L3E" | User: null | data: {}
07-10-2016 10:56:04 | [INFO] | Message: "Recieved SQL Request For Cell: L3E" | User: null | data: {}
07-10-2016 10:56:04 | [INFO] | Message: "Finished Parsing Request" | User: null | data: {}
07-10-2016 10:56:04 | [INFO] | Message: "Completed Job" | User: null | data: {}
07-10-2016 10:56:19 | [INFO] | Message: "Running Job: L3G" | User: null | data: {}
07-10-2016 10:56:19 | [INFO] | Message: "Recieved SQL Request For Cell: L3G" | User: null | data: {}
07-10-2016 10:56:19 | [INFO] | Message: "Completed Job" | User: null | data: {}
07-10-2016 10:56:49 | [INFO] | Message: "Running Job: L3E" | User: null | data: {}
07-10-2016 10:56:49 | [INFO] | Message: "Recieved SQL Request For Cell: L3E" | User: null | data: {}
07-10-2016 10:56:49 | [INFO] | Message: "Finished Parsing Request" | User: null | data: {}
07-10-2016 10:56:49 | [INFO] | Message: "Completed Job" | User: null | data: {}
07-10-2016 10:57:04 | [INFO] | Message: "Running Job: L3G" | User: null | data: {}
07-10-2016 10:57:04 | [INFO] | Message: "Recieved SQL Request For Cell: L3G" | User: null | data: {}
07-10-2016 10:57:04 | [INFO] | Message: "Completed Job" | User: null | data: {}
07-10-2016 10:57:34 | [INFO] | Message: "Running Job: L3E" | User: null | data: {}
07-10-2016 10:57:34 | [INFO] | Message: "Recieved SQL Request For Cell: L3E" | User: null | data: {}
07-10-2016 10:57:34 | [INFO] | Message: "Finished Parsing Request" | User: null | data: {}
07-10-2016 10:57:34 | [INFO] | Message: "Completed Job" | User: null | data: {}
07-10-2016 10:57:49 | [INFO] | Message: "Running Job: L3G" | User: null | data: {}
07-10-2016 10:57:49 | [INFO] | Message: "Completed Job" | User: null | data: {}
07-10-2016 10:57:49 | [INFO] | Message: "Recieved SQL Request For Cell: L3G" | User: null | data: {}
07-10-2016 10:58:19 | [INFO] | Message: "Running Job: L3E" | User: null | data: {}
07-10-2016 10:58:19 | [INFO] | Message: "Completed Job" | User: null | data: {}
07-10-2016 10:58:19 | [INFO] | Message: "Recieved SQL Request For Cell: L3E" | User: null | data: {}
07-10-2016 10:58:19 | [INFO] | Message: "Finished Parsing Request" | User: null | data: {}
07-10-2016 10:58:34 | [INFO] | Message: "Running Job: L3G" | User: null | data: {}
07-10-2016 10:58:34 | [INFO] | Message: "Recieved SQL Request For Cell: L3G" | User: null | data: {}
07-10-2016 10:58:34 | [INFO] | Message: "Completed Job" | User: null | data: {}
07-10-2016 10:59:04 | [INFO] | Message: "Running Job: L3E" | User: null | data: {}
07-10-2016 10:59:04 | [INFO] | Message: "Recieved SQL Request For Cell: L3E" | User: null | data: {}
07-10-2016 10:59:04 | [INFO] | Message: "Finished Parsing Request" | User: null | data: {}
07-10-2016 10:59:04 | [INFO] | Message: "Completed Job" | User: null | data: {}
07-10-2016 10:59:19 | [INFO] | Message: "Running Job: L3G" | User: null | data: {}
07-10-2016 10:59:19 | [INFO] | Message: "Recieved SQL Request For Cell: L3G" | User: null | data: {}
07-10-2016 10:59:19 | [INFO] | Message: "Completed Job" | User: null | data: {}
07-10-2016 10:59:49 | [INFO] | Message: "Running Job: L3E" | User: null | data: {}
07-10-2016 10:59:49 | [INFO] | Message: "Recieved SQL Request For Cell: L3E" | User: null | data: {}
07-10-2016 10:59:49 | [INFO] | Message: "Finished Parsing Request" | User: null | data: {}
07-10-2016 10:59:49 | [INFO] | Message: "Completed Job" | User: null | data: {}
07-10-2016 11:00:04 | [INFO] | Message: "Running Job: L3G" | User: null | data: {}
07-10-2016 11:00:04 | [INFO] | Message: "Recieved SQL Request For Cell: L3G" | User: null | data: {}
07-10-2016 11:00:04 | [INFO] | Message: "Completed Job" | User: null | data: {}
07-10-2016 11:00:34 | [INFO] | Message: "Running Job: L3E" | User: null | data: {}
07-10-2016 11:00:34 | [INFO] | Message: "Recieved SQL Request For Cell: L3E" | User: null | data: {}
07-10-2016 11:00:34 | [INFO] | Message: "Finished Parsing Request" | User: null | data: {}
07-10-2016 11:00:34 | [INFO] | Message: "Completed Job" | User: null | data: {}
07-10-2016 11:00:49 | [INFO] | Message: "Running Job: L3G" | User: null | data: {}
07-10-2016 11:00:49 | [INFO] | Message: "Recieved SQL Request For Cell: L3G" | User: null | data: {}
07-10-2016 11:00:49 | [INFO] | Message: "Completed Job" | User: null | data: {}
07-10-2016 11:01:19 | [INFO] | Message: "Running Job: L3E" | User: null | data: {}
07-10-2016 11:01:19 | [INFO] | Message: "Recieved SQL Request For Cell: L3E" | User: null | data: {}
07-10-2016 11:01:19 | [INFO] | Message: "Finished Parsing Request" | User: null | data: {}
07-10-2016 11:01:19 | [INFO] | Message: "Completed Job" | User: null | data: {}
07-10-2016 11:01:34 | [INFO] | Message: "Running Job: L3G" | User: null | data: {}
07-10-2016 11:01:34 | [INFO] | Message: "Completed Job" | User: null | data: {}
07-10-2016 11:01:34 | [INFO] | Message: "Recieved SQL Request For Cell: L3G" | User: null | data: {}
07-10-2016 11:02:04 | [INFO] | Message: "Running Job: L3E" | User: null | data: {}
07-10-2016 11:02:04 | [INFO] | Message: "Recieved SQL Request For Cell: L3E" | User: null | data: {}
07-10-2016 11:02:04 | [INFO] | Message: "Finished Parsing Request" | User: null | data: {}
07-10-2016 11:02:04 | [INFO] | Message: "Completed Job" | User: null | data: {}
07-10-2016 11:02:19 | [INFO] | Message: "Running Job: L3G" | User: null | data: {}
07-10-2016 11:02:19 | [INFO] | Message: "Completed Job" | User: null | data: {}
07-10-2016 11:02:19 | [INFO] | Message: "Recieved SQL Request For Cell: L3G" | User: null | data: {}
07-10-2016 11:02:49 | [INFO] | Message: "Running Job: L3E" | User: null | data: {}
07-10-2016 11:02:49 | [INFO] | Message: "Completed Job" | User: null | data: {}
07-10-2016 11:02:49 | [INFO] | Message: "Recieved SQL Request For Cell: L3E" | User: null | data: {}
07-10-2016 11:02:49 | [INFO] | Message: "Finished Parsing Request" | User: null | data: {}
07-10-2016 11:03:04 | [INFO] | Message: "Running Job: L3G" | User: null | data: {}
07-10-2016 11:03:04 | [INFO] | Message: "Recieved SQL Request For Cell: L3G" | User: null | data: {}
07-10-2016 11:03:04 | [INFO] | Message: "Completed Job" | User: null | data: {}
07-10-2016 11:03:34 | [INFO] | Message: "Running Job: L3E" | User: null | data: {}
07-10-2016 11:03:34 | [INFO] | Message: "Recieved SQL Request For Cell: L3E" | User: null | data: {}
07-10-2016 11:03:34 | [INFO] | Message: "Finished Parsing Request" | User: null | data: {}
07-10-2016 11:03:34 | [INFO] | Message: "Completed Job" | User: null | data: {}
07-10-2016 11:03:49 | [INFO] | Message: "Running Job: L3G" | User: null | data: {}
07-10-2016 11:03:49 | [INFO] | Message: "Recieved SQL Request For Cell: L3G" | User: null | data: {}
07-10-2016 11:03:49 | [INFO] | Message: "Completed Job" | User: null | data: {}
07-10-2016 11:04:19 | [INFO] | Message: "Running Job: L3E" | User: null | data: {}
07-10-2016 11:04:19 | [INFO] | Message: "Recieved SQL Request For Cell: L3E" | User: null | data: {}
07-10-2016 11:04:19 | [INFO] | Message: "Finished Parsing Request" | User: null | data: {}
07-10-2016 11:04:19 | [INFO] | Message: "Completed Job" | User: null | data: {}
07-10-2016 11:04:34 | [INFO] | Message: "Running Job: L3G" | User: null | data: {}
07-10-2016 11:04:34 | [INFO] | Message: "Completed Job" | User: null | data: {}
07-10-2016 11:04:34 | [INFO] | Message: "Recieved SQL Request For Cell: L3G" | User: null | data: {}
07-10-2016 11:05:04 | [INFO] | Message: "Running Job: L3E" | User: null | data: {}
07-10-2016 11:05:04 | [INFO] | Message: "Recieved SQL Request For Cell: L3E" | User: null | data: {}
07-10-2016 11:05:04 | [INFO] | Message: "Completed Job" | User: null | data: {}
07-10-2016 11:05:04 | [INFO] | Message: "Finished Parsing Request" | User: null | data: {}
07-10-2016 11:05:19 | [INFO] | Message: "Running Job: L3G" | User: null | data: {}
07-10-2016 11:05:19 | [INFO] | Message: "Completed Job" | User: null | data: {}
07-10-2016 11:05:19 | [INFO] | Message: "Recieved SQL Request For Cell: L3G" | User: null | data: {}
07-10-2016 11:05:49 | [INFO] | Message: "Recieved SQL Request For Cell: L3E" | User: null | data: {}
07-10-2016 11:05:49 | [INFO] | Message: "Completed Job" | User: null | data: {}
07-10-2016 11:05:49 | [INFO] | Message: "Running Job: L3E" | User: null | data: {}
07-10-2016 11:05:49 | [INFO] | Message: "Finished Parsing Request" | User: null | data: {}
07-10-2016 11:06:04 | [INFO] | Message: "Running Job: L3G" | User: null | data: {}
07-10-2016 11:06:04 | [INFO] | Message: "Recieved SQL Request For Cell: L3G" | User: null | data: {}
07-10-2016 11:06:04 | [INFO] | Message: "Completed Job" | User: null | data: {}
07-10-2016 11:06:34 | [INFO] | Message: "Running Job: L3E" | User: null | data: {}
07-10-2016 11:06:34 | [INFO] | Message: "Recieved SQL Request For Cell: L3E" | User: null | data: {}
07-10-2016 11:06:34 | [INFO] | Message: "Finished Parsing Request" | User: null | data: {}
07-10-2016 11:06:34 | [INFO] | Message: "Completed Job" | User: null | data: {}
07-10-2016 11:06:49 | [INFO] | Message: "Running Job: L3G" | User: null | data: {}
07-10-2016 11:06:49 | [INFO] | Message: "Recieved SQL Request For Cell: L3G" | User: null | data: {}
07-10-2016 11:06:49 | [INFO] | Message: "Completed Job" | User: null | data: {}
07-10-2016 11:07:19 | [INFO] | Message: "Running Job: L3E" | User: null | data: {}
07-10-2016 11:07:19 | [INFO] | Message: "Recieved SQL Request For Cell: L3E" | User: null | data: {}
07-10-2016 11:07:19 | [INFO] | Message: "Finished Parsing Request" | User: null | data: {}
07-10-2016 11:07:19 | [INFO] | Message: "Completed Job" | User: null | data: {}
07-10-2016 11:07:34 | [INFO] | Message: "Running Job: L3G" | User: null | data: {}
07-10-2016 11:07:34 | [INFO] | Message: "Recieved SQL Request For Cell: L3G" | User: null | data: {}
07-10-2016 11:07:34 | [INFO] | Message: "Completed Job" | User: null | data: {}
07-10-2016 11:08:04 | [INFO] | Message: "Running Job: L3E" | User: null | data: {}
07-10-2016 11:08:04 | [INFO] | Message: "Recieved SQL Request For Cell: L3E" | User: null | data: {}
07-10-2016 11:08:04 | [INFO] | Message: "Finished Parsing Request" | User: null | data: {}
07-10-2016 11:08:04 | [INFO] | Message: "Completed Job" | User: null | data: {}
07-10-2016 11:08:19 | [INFO] | Message: "Running Job: L3G" | User: null | data: {}
07-10-2016 11:08:19 | [INFO] | Message: "Recieved SQL Request For Cell: L3G" | User: null | data: {}
07-10-2016 11:08:19 | [INFO] | Message: "Completed Job" | User: null | data: {}
07-10-2016 11:08:49 | [INFO] | Message: "Running Job: L3E" | User: null | data: {}
07-10-2016 11:08:49 | [INFO] | Message: "Recieved SQL Request For Cell: L3E" | User: null | data: {}
07-10-2016 11:08:49 | [INFO] | Message: "Finished Parsing Request" | User: null | data: {}
07-10-2016 11:08:49 | [INFO] | Message: "Completed Job" | User: null | data: {}
07-10-2016 11:09:04 | [INFO] | Message: "Running Job: L3G" | User: null | data: {}
07-10-2016 11:09:04 | [INFO] | Message: "Recieved SQL Request For Cell: L3G" | User: null | data: {}
07-10-2016 11:09:05 | [INFO] | Message: "Completed Job" | User: null | data: {}
07-10-2016 11:09:34 | [INFO] | Message: "Running Job: L3E" | User: null | data: {}
07-10-2016 11:09:34 | [INFO] | Message: "Recieved SQL Request For Cell: L3E" | User: null | data: {}
07-10-2016 11:09:34 | [INFO] | Message: "Finished Parsing Request" | User: null | data: {}
07-10-2016 11:09:34 | [INFO] | Message: "Completed Job" | User: null | data: {}
07-10-2016 11:09:49 | [INFO] | Message: "Running Job: L3G" | User: null | data: {}
07-10-2016 11:09:49 | [INFO] | Message: "Recieved SQL Request For Cell: L3G" | User: null | data: {}
07-10-2016 11:09:49 | [INFO] | Message: "Completed Job" | User: null | data: {}
07-10-2016 11:10:19 | [INFO] | Message: "Running Job: L3E" | User: null | data: {}
07-10-2016 11:10:19 | [INFO] | Message: "Recieved SQL Request For Cell: L3E" | User: null | data: {}
07-10-2016 11:10:20 | [INFO] | Message: "Finished Parsing Request" | User: null | data: {}
07-10-2016 11:10:20 | [INFO] | Message: "Completed Job" | User: null | data: {}
07-10-2016 11:10:34 | [INFO] | Message: "Running Job: L3G" | User: null | data: {}
07-10-2016 11:10:34 | [INFO] | Message: "Recieved SQL Request For Cell: L3G" | User: null | data: {}
07-10-2016 11:10:34 | [INFO] | Message: "Completed Job" | User: null | data: {}
07-10-2016 11:11:04 | [INFO] | Message: "Running Job: L3E" | User: null | data: {}
07-10-2016 11:11:04 | [INFO] | Message: "Recieved SQL Request For Cell: L3E" | User: null | data: {}
07-10-2016 11:11:04 | [INFO] | Message: "Finished Parsing Request" | User: null | data: {}
07-10-2016 11:11:04 | [INFO] | Message: "Completed Job" | User: null | data: {}
07-10-2016 11:11:19 | [INFO] | Message: "Running Job: L3G" | User: null | data: {}
07-10-2016 11:11:19 | [INFO] | Message: "Recieved SQL Request For Cell: L3G" | User: null | data: {}
07-10-2016 11:11:19 | [INFO] | Message: "Completed Job" | User: null | data: {}
07-10-2016 11:11:49 | [INFO] | Message: "Running Job: L3E" | User: null | data: {}
07-10-2016 11:11:49 | [INFO] | Message: "Recieved SQL Request For Cell: L3E" | User: null | data: {}
07-10-2016 11:11:49 | [INFO] | Message: "Finished Parsing Request" | User: null | data: {}
07-10-2016 11:11:49 | [INFO] | Message: "Completed Job" | User: null | data: {}
07-10-2016 11:12:04 | [INFO] | Message: "Running Job: L3G" | User: null | data: {}
07-10-2016 11:12:04 | [INFO] | Message: "Recieved SQL Request For Cell: L3G" | User: null | data: {}
07-10-2016 11:12:04 | [INFO] | Message: "Completed Job" | User: null | data: {}
07-10-2016 11:12:34 | [INFO] | Message: "Running Job: L3E" | User: null | data: {}
07-10-2016 11:12:34 | [INFO] | Message: "Recieved SQL Request For Cell: L3E" | User: null | data: {}
07-10-2016 11:12:35 | [INFO] | Message: "Finished Parsing Request" | User: null | data: {}
07-10-2016 11:12:35 | [INFO] | Message: "Completed Job" | User: null | data: {}
07-10-2016 11:12:49 | [INFO] | Message: "Running Job: L3G" | User: null | data: {}
07-10-2016 11:12:49 | [INFO] | Message: "Recieved SQL Request For Cell: L3G" | User: null | data: {}
07-10-2016 11:12:49 | [INFO] | Message: "Completed Job" | User: null | data: {}
07-10-2016 11:13:19 | [INFO] | Message: "Running Job: L3E" | User: null | data: {}
07-10-2016 11:13:19 | [INFO] | Message: "Recieved SQL Request For Cell: L3E" | User: null | data: {}
07-10-2016 11:13:19 | [INFO] | Message: "Finished Parsing Request" | User: null | data: {}
07-10-2016 11:13:19 | [INFO] | Message: "Completed Job" | User: null | data: {}
07-10-2016 11:13:34 | [INFO] | Message: "Running Job: L3G" | User: null | data: {}
07-10-2016 11:13:34 | [INFO] | Message: "Recieved SQL Request For Cell: L3G" | User: null | data: {}
07-10-2016 11:13:34 | [INFO] | Message: "Completed Job" | User: null | data: {}
07-10-2016 11:14:04 | [INFO] | Message: "Running Job: L3E" | User: null | data: {}
07-10-2016 11:14:04 | [INFO] | Message: "Recieved SQL Request For Cell: L3E" | User: null | data: {}
07-10-2016 11:14:04 | [INFO] | Message: "Finished Parsing Request" | User: null | data: {}
07-10-2016 11:14:04 | [INFO] | Message: "Completed Job" | User: null | data: {}
07-10-2016 11:14:19 | [INFO] | Message: "Running Job: L3G" | User: null | data: {}
07-10-2016 11:14:19 | [INFO] | Message: "Completed Job" | User: null | data: {}
07-10-2016 11:14:20 | [INFO] | Message: "Recieved SQL Request For Cell: L3G" | User: null | data: {}
07-10-2016 11:14:49 | [INFO] | Message: "Running Job: L3E" | User: null | data: {}
07-10-2016 11:14:49 | [INFO] | Message: "Recieved SQL Request For Cell: L3E" | User: null | data: {}
07-10-2016 11:14:49 | [INFO] | Message: "Finished Parsing Request" | User: null | data: {}
07-10-2016 11:14:50 | [INFO] | Message: "Completed Job" | User: null | data: {}
07-10-2016 11:15:04 | [INFO] | Message: "Running Job: L3G" | User: null | data: {}
07-10-2016 11:15:04 | [INFO] | Message: "Recieved SQL Request For Cell: L3G" | User: null | data: {}
07-10-2016 11:15:04 | [INFO] | Message: "Completed Job" | User: null | data: {}
07-10-2016 11:15:34 | [INFO] | Message: "Running Job: L3E" | User: null | data: {}
07-10-2016 11:15:34 | [INFO] | Message: "Recieved SQL Request For Cell: L3E" | User: null | data: {}
07-10-2016 11:15:34 | [INFO] | Message: "Finished Parsing Request" | User: null | data: {}
07-10-2016 11:15:35 | [INFO] | Message: "Completed Job" | User: null | data: {}
07-10-2016 11:15:49 | [INFO] | Message: "Recieved SQL Request For Cell: L3G" | User: null | data: {}
07-10-2016 11:15:49 | [INFO] | Message: "Running Job: L3G" | User: null | data: {}
07-10-2016 11:15:49 | [INFO] | Message: "Completed Job" | User: null | data: {}
07-10-2016 11:16:19 | [INFO] | Message: "Running Job: L3E" | User: null | data: {}
07-10-2016 11:16:19 | [INFO] | Message: "Recieved SQL Request For Cell: L3E" | User: null | data: {}
07-10-2016 11:16:19 | [INFO] | Message: "Finished Parsing Request" | User: null | data: {}
07-10-2016 11:16:20 | [INFO] | Message: "Completed Job" | User: null | data: {}
07-10-2016 11:16:34 | [INFO] | Message: "Running Job: L3G" | User: null | data: {}
07-10-2016 11:16:34 | [INFO] | Message: "Completed Job" | User: null | data: {}
07-10-2016 11:16:35 | [INFO] | Message: "Recieved SQL Request For Cell: L3G" | User: null | data: {}
07-10-2016 11:17:04 | [INFO] | Message: "Running Job: L3E" | User: null | data: {}
07-10-2016 11:17:04 | [INFO] | Message: "Recieved SQL Request For Cell: L3E" | User: null | data: {}
07-10-2016 11:17:05 | [INFO] | Message: "Finished Parsing Request" | User: null | data: {}
07-10-2016 11:17:05 | [INFO] | Message: "Completed Job" | User: null | data: {}
07-10-2016 11:17:19 | [INFO] | Message: "Running Job: L3G" | User: null | data: {}
07-10-2016 11:17:19 | [INFO] | Message: "Recieved SQL Request For Cell: L3G" | User: null | data: {}
07-10-2016 11:17:20 | [INFO] | Message: "Completed Job" | User: null | data: {}
07-10-2016 11:17:50 | [INFO] | Message: "Running Job: L3E" | User: null | data: {}
07-10-2016 11:17:50 | [INFO] | Message: "Recieved SQL Request For Cell: L3E" | User: null | data: {}
07-10-2016 11:17:50 | [INFO] | Message: "Finished Parsing Request" | User: null | data: {}
07-10-2016 11:17:50 | [INFO] | Message: "Completed Job" | User: null | data: {}
07-10-2016 11:18:05 | [INFO] | Message: "Running Job: L3G" | User: null | data: {}
07-10-2016 11:18:05 | [INFO] | Message: "Recieved SQL Request For Cell: L3G" | User: null | data: {}
07-10-2016 11:18:05 | [INFO] | Message: "Completed Job" | User: null | data: {}
07-10-2016 11:18:35 | [INFO] | Message: "Running Job: L3E" | User: null | data: {}
07-10-2016 11:18:35 | [INFO] | Message: "Recieved SQL Request For Cell: L3E" | User: null | data: {}
07-10-2016 11:18:35 | [INFO] | Message: "Finished Parsing Request" | User: null | data: {}
07-10-2016 11:18:35 | [INFO] | Message: "Completed Job" | User: null | data: {}
07-10-2016 11:18:50 | [INFO] | Message: "Running Job: L3G" | User: null | data: {}
07-10-2016 11:18:50 | [INFO] | Message: "Completed Job" | User: null | data: {}
07-10-2016 11:18:50 | [INFO] | Message: "Recieved SQL Request For Cell: L3G" | User: null | data: {}
07-10-2016 11:19:20 | [INFO] | Message: "Running Job: L3E" | User: null | data: {}
07-10-2016 11:19:20 | [INFO] | Message: "Recieved SQL Request For Cell: L3E" | User: null | data: {}
07-10-2016 11:19:20 | [INFO] | Message: "Finished Parsing Request" | User: null | data: {}
07-10-2016 11:19:20 | [INFO] | Message: "Completed Job" | User: null | data: {}
07-10-2016 11:19:35 | [INFO] | Message: "Running Job: L3G" | User: null | data: {}
07-10-2016 11:19:35 | [INFO] | Message: "Recieved SQL Request For Cell: L3G" | User: null | data: {}
07-10-2016 11:19:35 | [INFO] | Message: "Completed Job" | User: null | data: {}
07-10-2016 11:20:05 | [INFO] | Message: "Running Job: L3E" | User: null | data: {}
07-10-2016 11:20:05 | [INFO] | Message: "Recieved SQL Request For Cell: L3E" | User: null | data: {}
07-10-2016 11:20:05 | [INFO] | Message: "Finished Parsing Request" | User: null | data: {}
07-10-2016 11:20:05 | [INFO] | Message: "Completed Job" | User: null | data: {}
07-10-2016 11:20:20 | [INFO] | Message: "Running Job: L3G" | User: null | data: {}
07-10-2016 11:20:20 | [INFO] | Message: "Completed Job" | User: null | data: {}
07-10-2016 11:20:20 | [INFO] | Message: "Recieved SQL Request For Cell: L3G" | User: null | data: {}
07-10-2016 11:20:50 | [INFO] | Message: "Running Job: L3E" | User: null | data: {}
07-10-2016 11:20:50 | [INFO] | Message: "Recieved SQL Request For Cell: L3E" | User: null | data: {}
07-10-2016 11:20:50 | [INFO] | Message: "Finished Parsing Request" | User: null | data: {}
07-10-2016 11:20:50 | [INFO] | Message: "Completed Job" | User: null | data: {}
